2026-03-04 19:12:51 [INFO] === Native host starting (pid=26189) ===
2026-03-04 19:12:51 [INFO] Config: output_dir=~/Music/YouTubeMusic, server_port=18932
2026-03-04 19:12:51 [INFO] HTTP server started on 127.0.0.1:18932 serving /Users/pauloamaral/Music/YouTubeMusic
2026-03-04 19:12:51 [DEBUG] Sent: {'type': 'server_started', 'port': 18932, 'baseUrl': 'http://127.0.0.1:18932'}
2026-03-04 19:12:51 [DEBUG] Received: {'action': 'download', 'url': 'https://www.youtube.com/watch?v=H-xdjALeASU', 'id': 'test123', 'outputDir': '~/Music/YouTubeMusic'}
2026-03-04 19:12:51 [INFO] Starting download: https://www.youtube.com/watch?v=H-xdjALeASU -> /Users/pauloamaral/Music/YouTubeMusic
2026-03-04 19:12:52 [DEBUG] Sent: {'type': 'progress', 'id': 'test123', 'percent': 0.2, 'status': 'downloading'}
2026-03-04 19:12:52 [DEBUG] Sent: {'type': 'progress', 'id': 'test123', 'percent': 0.2, 'status': 'downloading'}
2026-03-04 19:12:52 [DEBUG] Sent: {'type': 'progress', 'id': 'test123', 'percent': 0.3, 'status': 'downloading'}
2026-03-04 19:12:52 [DEBUG] Sent: {'type': 'progress', 'id': 'test123', 'percent': 0.6, 'status': 'downloading'}
2026-03-04 19:12:52 [DEBUG] Sent: {'type': 'progress', 'id': 'test123', 'percent': 1.0, 'status': 'downloading'}
2026-03-04 19:12:52 [DEBUG] Sent: {'type': 'progress', 'id': 'test123', 'percent': 1.8, 'status': 'downloading'}
2026-03-04 19:12:52 [DEBUG] Sent: {'type': 'progress', 'id': 'test123', 'percent': 3.5, 'status': 'downloading'}
2026-03-04 19:12:52 [DEBUG] Sent: {'type': 'progress', 'id': 'test123', 'percent': 6.9, 'status': 'downloading'}
2026-03-04 19:12:52 [DEBUG] Sent: {'type': 'progress', 'id': 'test123', 'percent': 13.6, 'status': 'downloading'}
2026-03-04 19:12:52 [DEBUG] Sent: {'type': 'progress', 'id': 'test123', 'percent': 27.0, 'status': 'downloading'}
2026-03-04 19:12:52 [DEBUG] Sent: {'type': 'progress', 'id': 'test123', 'percent': 53.9, 'status': 'downloading'}
2026-03-04 19:12:52 [DEBUG] Sent: {'type': 'progress', 'id': 'test123', 'percent': 100.0, 'status': 'downloading'}
2026-03-04 19:12:52 [DEBUG] Sent: {'type': 'progress', 'id': 'test123', 'percent': 100, 'status': 'converting'}
2026-03-04 19:12:56 [DEBUG] Sent: {'type': 'download_complete', 'id': 'test123', 'filename': 'Pet Shop Boys - Flamboyant (Official Video) [HD Upgrade].mp3', 'title': 'Pet Shop Boys - Flamboyant (Official Video) [HD Upgrade]', 'duration': 238, 'size': 5707052}
2026-03-04 19:13:21 [INFO] === Native host starting (pid=30199) ===
2026-03-04 19:13:21 [INFO] Config: output_dir=~/Music/YouTubeMusic, server_port=18932
2026-03-04 19:13:21 [INFO] HTTP server started on 127.0.0.1:18932 serving /Users/pauloamaral/Music/YouTubeMusic
2026-03-04 19:13:21 [DEBUG] Sent: {'type': 'server_started', 'port': 18932, 'baseUrl': 'http://127.0.0.1:18932'}
2026-03-04 19:13:21 [DEBUG] Received: {'action': 'ping'}
2026-03-04 19:13:21 [DEBUG] Sent: {'type': 'pong'}
2026-03-04 19:13:21 [DEBUG] Received: {'action': 'list_files', 'outputDir': '~/Music/YouTubeMusic'}
2026-03-04 19:13:21 [DEBUG] Sent: {'type': 'file_list', 'files': [{'name': 'Pet Shop Boys - Flamboyant (Official Video) [HD Upgrade].mp3', 'title': 'Pet Shop Boys - Flamboyant (Official Video) [HD Upgrade]', 'size': 5707052, 'modified': 1772651572.4769866}]}
2026-03-04 19:13:24 [DEBUG] HTTP: "GET /Pet%20Shop%20Boys%20-%20Flamboyant%20(Official%20Video)%20%5BHD%20Upgrade%5D.mp3 HTTP/1.1" 206 -
2026-03-04 19:13:31 [DEBUG] Received: {'action': 'ping'}
2026-03-04 19:13:31 [DEBUG] Sent: {'type': 'pong'}
2026-03-04 19:13:31 [DEBUG] Received: {'action': 'list_files', 'outputDir': '~/Music/YouTubeMusic'}
2026-03-04 19:13:31 [DEBUG] Sent: {'type': 'file_list', 'files': [{'name': 'Pet Shop Boys - Flamboyant (Official Video) [HD Upgrade].mp3', 'title': 'Pet Shop Boys - Flamboyant (Official Video) [HD Upgrade]', 'size': 5707052, 'modified': 1772651572.4769866}]}
2026-03-04 19:13:37 [DEBUG] Received: {'action': 'ping'}
2026-03-04 19:13:37 [DEBUG] Sent: {'type': 'pong'}
2026-03-04 19:13:37 [DEBUG] Received: {'action': 'list_files', 'outputDir': '~/Music/YouTubeMusic'}
2026-03-04 19:13:37 [DEBUG] Sent: {'type': 'file_list', 'files': [{'name': 'Pet Shop Boys - Flamboyant (Official Video) [HD Upgrade].mp3', 'title': 'Pet Shop Boys - Flamboyant (Official Video) [HD Upgrade]', 'size': 5707052, 'modified': 1772651572.4769866}]}
2026-03-04 19:13:51 [INFO] === Native host starting (pid=34119) ===
2026-03-04 19:13:51 [INFO] Config: output_dir=~/Music/YouTubeMusic, server_port=18932
2026-03-04 19:13:51 [INFO] HTTP server started on 127.0.0.1:18932 serving /Users/pauloamaral/Music/YouTubeMusic
2026-03-04 19:13:51 [DEBUG] Sent: {'type': 'server_started', 'port': 18932, 'baseUrl': 'http://127.0.0.1:18932'}
2026-03-04 19:13:52 [DEBUG] Received: {'action': 'ping'}
2026-03-04 19:13:52 [DEBUG] Sent: {'type': 'pong'}
2026-03-04 19:13:52 [DEBUG] Received: {'action': 'list_files', 'outputDir': '~/Music/YouTubeMusic'}
2026-03-04 19:13:52 [DEBUG] Sent: {'type': 'file_list', 'files': [{'name': 'Pet Shop Boys - Flamboyant (Official Video) [HD Upgrade].mp3', 'title': 'Pet Shop Boys - Flamboyant (Official Video) [HD Upgrade]', 'size': 5707052, 'modified': 1772651572.4769866}]}
2026-03-04 19:14:34 [DEBUG] Received: {'action': 'ping'}
2026-03-04 19:14:34 [DEBUG] Sent: {'type': 'pong'}
2026-03-04 19:14:34 [DEBUG] Received: {'action': 'list_files', 'outputDir': '~/Music/YouTubeMusic'}
2026-03-04 19:14:34 [DEBUG] Sent: {'type': 'file_list', 'files': [{'name': 'Pet Shop Boys - Flamboyant (Official Video) [HD Upgrade].mp3', 'title': 'Pet Shop Boys - Flamboyant (Official Video) [HD Upgrade]', 'size': 5707052, 'modified': 1772651572.4769866}]}
2026-03-04 19:14:36 [DEBUG] Received: {'action': 'download', 'url': 'https://www.youtube.com/watch?v=o-NN2ABFNR4', 'id': 'mmcf1fhuep7yx', 'outputDir': '~/Music/YouTubeMusic'}
2026-03-04 19:14:36 [INFO] Starting download: https://www.youtube.com/watch?v=o-NN2ABFNR4 -> /Users/pauloamaral/Music/YouTubeMusic
2026-03-04 19:14:37 [DEBUG] Sent: {'type': 'progress', 'id': 'mmcf1fhuep7yx', 'percent': 0.0, 'status': 'downloading'}
2026-03-04 19:14:37 [DEBUG] Sent: {'type': 'progress', 'id': 'mmcf1fhuep7yx', 'percent': 0.0, 'status': 'downloading'}
2026-03-04 19:14:37 [DEBUG] Sent: {'type': 'progress', 'id': 'mmcf1fhuep7yx', 'percent': 0.0, 'status': 'downloading'}
2026-03-04 19:14:37 [DEBUG] Sent: {'type': 'progress', 'id': 'mmcf1fhuep7yx', 'percent': 0.0, 'status': 'downloading'}
2026-03-04 19:14:37 [DEBUG] Sent: {'type': 'progress', 'id': 'mmcf1fhuep7yx', 'percent': 0.0, 'status': 'downloading'}
2026-03-04 19:14:37 [DEBUG] Sent: {'type': 'progress', 'id': 'mmcf1fhuep7yx', 'percent': 0.1, 'status': 'downloading'}
2026-03-04 19:14:37 [DEBUG] Sent: {'type': 'progress', 'id': 'mmcf1fhuep7yx', 'percent': 0.1, 'status': 'downloading'}
2026-03-04 19:14:37 [DEBUG] Sent: {'type': 'progress', 'id': 'mmcf1fhuep7yx', 'percent': 0.3, 'status': 'downloading'}
2026-03-04 19:14:37 [DEBUG] Sent: {'type': 'progress', 'id': 'mmcf1fhuep7yx', 'percent': 0.6, 'status': 'downloading'}
2026-03-04 19:14:37 [DEBUG] Sent: {'type': 'progress', 'id': 'mmcf1fhuep7yx', 'percent': 1.2, 'status': 'downloading'}
2026-03-04 19:14:37 [DEBUG] Sent: {'type': 'progress', 'id': 'mmcf1fhuep7yx', 'percent': 2.3, 'status': 'downloading'}
2026-03-04 19:14:37 [DEBUG] Sent: {'type': 'progress', 'id': 'mmcf1fhuep7yx', 'percent': 4.7, 'status': 'downloading'}
2026-03-04 19:14:38 [DEBUG] Sent: {'type': 'progress', 'id': 'mmcf1fhuep7yx', 'percent': 9.4, 'status': 'downloading'}
2026-03-04 19:14:38 [DEBUG] Sent: {'type': 'progress', 'id': 'mmcf1fhuep7yx', 'percent': 11.4, 'status': 'downloading'}
2026-03-04 19:14:38 [DEBUG] Sent: {'type': 'progress', 'id': 'mmcf1fhuep7yx', 'percent': 11.4, 'status': 'downloading'}
2026-03-04 19:14:38 [DEBUG] Sent: {'type': 'progress', 'id': 'mmcf1fhuep7yx', 'percent': 11.4, 'status': 'downloading'}
2026-03-04 19:14:38 [DEBUG] Sent: {'type': 'progress', 'id': 'mmcf1fhuep7yx', 'percent': 11.4, 'status': 'downloading'}
2026-03-04 19:14:38 [DEBUG] Sent: {'type': 'progress', 'id': 'mmcf1fhuep7yx', 'percent': 11.5, 'status': 'downloading'}
2026-03-04 19:14:38 [DEBUG] Sent: {'type': 'progress', 'id': 'mmcf1fhuep7yx', 'percent': 11.5, 'status': 'downloading'}
2026-03-04 19:14:38 [DEBUG] Sent: {'type': 'progress', 'id': 'mmcf1fhuep7yx', 'percent': 11.5, 'status': 'downloading'}
2026-03-04 19:14:38 [DEBUG] Sent: {'type': 'progress', 'id': 'mmcf1fhuep7yx', 'percent': 11.6, 'status': 'downloading'}
2026-03-04 19:14:38 [DEBUG] Sent: {'type': 'progress', 'id': 'mmcf1fhuep7yx', 'percent': 11.7, 'status': 'downloading'}
2026-03-04 19:14:38 [DEBUG] Sent: {'type': 'progress', 'id': 'mmcf1fhuep7yx', 'percent': 12.0, 'status': 'downloading'}
2026-03-04 19:14:38 [DEBUG] Sent: {'type': 'progress', 'id': 'mmcf1fhuep7yx', 'percent': 12.6, 'status': 'downloading'}
2026-03-04 19:14:38 [DEBUG] Sent: {'type': 'progress', 'id': 'mmcf1fhuep7yx', 'percent': 13.8, 'status': 'downloading'}
2026-03-04 19:14:38 [DEBUG] Sent: {'type': 'progress', 'id': 'mmcf1fhuep7yx', 'percent': 16.1, 'status': 'downloading'}
2026-03-04 19:14:38 [DEBUG] Sent: {'type': 'progress', 'id': 'mmcf1fhuep7yx', 'percent': 20.8, 'status': 'downloading'}
2026-03-04 19:14:38 [DEBUG] Sent: {'type': 'progress', 'id': 'mmcf1fhuep7yx', 'percent': 22.8, 'status': 'downloading'}
2026-03-04 19:14:38 [DEBUG] Sent: {'type': 'progress', 'id': 'mmcf1fhuep7yx', 'percent': 22.8, 'status': 'downloading'}
2026-03-04 19:14:38 [DEBUG] Sent: {'type': 'progress', 'id': 'mmcf1fhuep7yx', 'percent': 22.8, 'status': 'downloading'}
2026-03-04 19:14:38 [DEBUG] Sent: {'type': 'progress', 'id': 'mmcf1fhuep7yx', 'percent': 22.8, 'status': 'downloading'}
2026-03-04 19:14:38 [DEBUG] Sent: {'type': 'progress', 'id': 'mmcf1fhuep7yx', 'percent': 22.8, 'status': 'downloading'}
2026-03-04 19:14:38 [DEBUG] Sent: {'type': 'progress', 'id': 'mmcf1fhuep7yx', 'percent': 22.8, 'status': 'downloading'}
2026-03-04 19:14:38 [DEBUG] Sent: {'type': 'progress', 'id': 'mmcf1fhuep7yx', 'percent': 22.9, 'status': 'downloading'}
2026-03-04 19:14:38 [DEBUG] Sent: {'type': 'progress', 'id': 'mmcf1fhuep7yx', 'percent': 22.9, 'status': 'downloading'}
2026-03-04 19:14:38 [DEBUG] Sent: {'type': 'progress', 'id': 'mmcf1fhuep7yx', 'percent': 23.1, 'status': 'downloading'}
2026-03-04 19:14:38 [DEBUG] Sent: {'type': 'progress', 'id': 'mmcf1fhuep7yx', 'percent': 23.4, 'status': 'downloading'}
2026-03-04 19:14:38 [DEBUG] Sent: {'type': 'progress', 'id': 'mmcf1fhuep7yx', 'percent': 24.0, 'status': 'downloading'}
2026-03-04 19:14:39 [DEBUG] Sent: {'type': 'progress', 'id': 'mmcf1fhuep7yx', 'percent': 25.1, 'status': 'downloading'}
2026-03-04 19:14:39 [DEBUG] Sent: {'type': 'progress', 'id': 'mmcf1fhuep7yx', 'percent': 27.5, 'status': 'downloading'}
2026-03-04 19:14:39 [DEBUG] Sent: {'type': 'progress', 'id': 'mmcf1fhuep7yx', 'percent': 32.2, 'status': 'downloading'}
2026-03-04 19:14:39 [DEBUG] Sent: {'type': 'progress', 'id': 'mmcf1fhuep7yx', 'percent': 34.4, 'status': 'downloading'}
2026-03-04 19:14:39 [DEBUG] Sent: {'type': 'progress', 'id': 'mmcf1fhuep7yx', 'percent': 34.4, 'status': 'downloading'}
2026-03-04 19:14:39 [DEBUG] Sent: {'type': 'progress', 'id': 'mmcf1fhuep7yx', 'percent': 34.4, 'status': 'downloading'}
2026-03-04 19:14:39 [DEBUG] Sent: {'type': 'progress', 'id': 'mmcf1fhuep7yx', 'percent': 34.4, 'status': 'downloading'}
2026-03-04 19:14:39 [DEBUG] Sent: {'type': 'progress', 'id': 'mmcf1fhuep7yx', 'percent': 34.4, 'status': 'downloading'}
2026-03-04 19:14:39 [DEBUG] Sent: {'type': 'progress', 'id': 'mmcf1fhuep7yx', 'percent': 34.5, 'status': 'downloading'}
2026-03-04 19:14:39 [DEBUG] Sent: {'type': 'progress', 'id': 'mmcf1fhuep7yx', 'percent': 34.5, 'status': 'downloading'}
2026-03-04 19:14:39 [DEBUG] Sent: {'type': 'progress', 'id': 'mmcf1fhuep7yx', 'percent': 34.6, 'status': 'downloading'}
2026-03-04 19:14:39 [DEBUG] Sent: {'type': 'progress', 'id': 'mmcf1fhuep7yx', 'percent': 34.7, 'status': 'downloading'}
2026-03-04 19:14:39 [DEBUG] Sent: {'type': 'progress', 'id': 'mmcf1fhuep7yx', 'percent': 35.0, 'status': 'downloading'}
2026-03-04 19:14:39 [DEBUG] Sent: {'type': 'progress', 'id': 'mmcf1fhuep7yx', 'percent': 35.6, 'status': 'downloading'}
2026-03-04 19:14:39 [DEBUG] Sent: {'type': 'progress', 'id': 'mmcf1fhuep7yx', 'percent': 36.8, 'status': 'downloading'}
2026-03-04 19:14:39 [DEBUG] Sent: {'type': 'progress', 'id': 'mmcf1fhuep7yx', 'percent': 39.1, 'status': 'downloading'}
2026-03-04 19:14:39 [DEBUG] Sent: {'type': 'progress', 'id': 'mmcf1fhuep7yx', 'percent': 43.8, 'status': 'downloading'}
2026-03-04 19:14:39 [DEBUG] Sent: {'type': 'progress', 'id': 'mmcf1fhuep7yx', 'percent': 45.7, 'status': 'downloading'}
2026-03-04 19:14:40 [DEBUG] Sent: {'type': 'progress', 'id': 'mmcf1fhuep7yx', 'percent': 45.7, 'status': 'downloading'}
2026-03-04 19:14:40 [DEBUG] Sent: {'type': 'progress', 'id': 'mmcf1fhuep7yx', 'percent': 45.7, 'status': 'downloading'}
2026-03-04 19:14:40 [DEBUG] Sent: {'type': 'progress', 'id': 'mmcf1fhuep7yx', 'percent': 45.7, 'status': 'downloading'}
2026-03-04 19:14:40 [DEBUG] Sent: {'type': 'progress', 'id': 'mmcf1fhuep7yx', 'percent': 45.7, 'status': 'downloading'}
2026-03-04 19:14:40 [DEBUG] Sent: {'type': 'progress', 'id': 'mmcf1fhuep7yx', 'percent': 45.7, 'status': 'downloading'}
2026-03-04 19:14:40 [DEBUG] Sent: {'type': 'progress', 'id': 'mmcf1fhuep7yx', 'percent': 45.8, 'status': 'downloading'}
2026-03-04 19:14:40 [DEBUG] Sent: {'type': 'progress', 'id': 'mmcf1fhuep7yx', 'percent': 45.8, 'status': 'downloading'}
2026-03-04 19:14:40 [DEBUG] Sent: {'type': 'progress', 'id': 'mmcf1fhuep7yx', 'percent': 46.0, 'status': 'downloading'}
2026-03-04 19:14:40 [DEBUG] Sent: {'type': 'progress', 'id': 'mmcf1fhuep7yx', 'percent': 46.3, 'status': 'downloading'}
2026-03-04 19:14:40 [DEBUG] Sent: {'type': 'progress', 'id': 'mmcf1fhuep7yx', 'percent': 46.9, 'status': 'downloading'}
2026-03-04 19:14:40 [DEBUG] Sent: {'type': 'progress', 'id': 'mmcf1fhuep7yx', 'percent': 48.0, 'status': 'downloading'}
2026-03-04 19:14:40 [DEBUG] Sent: {'type': 'progress', 'id': 'mmcf1fhuep7yx', 'percent': 50.4, 'status': 'downloading'}
2026-03-04 19:14:40 [DEBUG] Sent: {'type': 'progress', 'id': 'mmcf1fhuep7yx', 'percent': 55.1, 'status': 'downloading'}
2026-03-04 19:14:40 [DEBUG] Sent: {'type': 'progress', 'id': 'mmcf1fhuep7yx', 'percent': 57.1, 'status': 'downloading'}
2026-03-04 19:14:40 [DEBUG] Sent: {'type': 'progress', 'id': 'mmcf1fhuep7yx', 'percent': 57.1, 'status': 'downloading'}
2026-03-04 19:14:40 [DEBUG] Sent: {'type': 'progress', 'id': 'mmcf1fhuep7yx', 'percent': 57.1, 'status': 'downloading'}
2026-03-04 19:14:40 [DEBUG] Sent: {'type': 'progress', 'id': 'mmcf1fhuep7yx', 'percent': 57.1, 'status': 'downloading'}
2026-03-04 19:14:40 [DEBUG] Sent: {'type': 'progress', 'id': 'mmcf1fhuep7yx', 'percent': 57.1, 'status': 'downloading'}
2026-03-04 19:14:40 [DEBUG] Sent: {'type': 'progress', 'id': 'mmcf1fhuep7yx', 'percent': 57.1, 'status': 'downloading'}
2026-03-04 19:14:40 [DEBUG] Sent: {'type': 'progress', 'id': 'mmcf1fhuep7yx', 'percent': 57.2, 'status': 'downloading'}
2026-03-04 19:14:40 [DEBUG] Sent: {'type': 'progress', 'id': 'mmcf1fhuep7yx', 'percent': 57.3, 'status': 'downloading'}
2026-03-04 19:14:40 [DEBUG] Sent: {'type': 'progress', 'id': 'mmcf1fhuep7yx', 'percent': 57.4, 'status': 'downloading'}
2026-03-04 19:14:40 [DEBUG] Sent: {'type': 'progress', 'id': 'mmcf1fhuep7yx', 'percent': 57.7, 'status': 'downloading'}
2026-03-04 19:14:40 [DEBUG] Sent: {'type': 'progress', 'id': 'mmcf1fhuep7yx', 'percent': 58.3, 'status': 'downloading'}
2026-03-04 19:14:40 [DEBUG] Sent: {'type': 'progress', 'id': 'mmcf1fhuep7yx', 'percent': 59.5, 'status': 'downloading'}
2026-03-04 19:14:40 [DEBUG] Sent: {'type': 'progress', 'id': 'mmcf1fhuep7yx', 'percent': 61.8, 'status': 'downloading'}
2026-03-04 19:14:41 [DEBUG] Sent: {'type': 'progress', 'id': 'mmcf1fhuep7yx', 'percent': 66.5, 'status': 'downloading'}
2026-03-04 19:14:41 [DEBUG] Sent: {'type': 'progress', 'id': 'mmcf1fhuep7yx', 'percent': 68.7, 'status': 'downloading'}
2026-03-04 19:14:41 [DEBUG] Sent: {'type': 'progress', 'id': 'mmcf1fhuep7yx', 'percent': 68.7, 'status': 'downloading'}
2026-03-04 19:14:41 [DEBUG] Sent: {'type': 'progress', 'id': 'mmcf1fhuep7yx', 'percent': 68.7, 'status': 'downloading'}
2026-03-04 19:14:41 [DEBUG] Sent: {'type': 'progress', 'id': 'mmcf1fhuep7yx', 'percent': 68.7, 'status': 'downloading'}
2026-03-04 19:14:41 [DEBUG] Sent: {'type': 'progress', 'id': 'mmcf1fhuep7yx', 'percent': 68.7, 'status': 'downloading'}
2026-03-04 19:14:41 [DEBUG] Sent: {'type': 'progress', 'id': 'mmcf1fhuep7yx', 'percent': 68.7, 'status': 'downloading'}
2026-03-04 19:14:41 [DEBUG] Sent: {'type': 'progress', 'id': 'mmcf1fhuep7yx', 'percent': 68.7, 'status': 'downloading'}
2026-03-04 19:14:41 [DEBUG] Sent: {'type': 'progress', 'id': 'mmcf1fhuep7yx', 'percent': 68.8, 'status': 'downloading'}
2026-03-04 19:14:41 [DEBUG] Sent: {'type': 'progress', 'id': 'mmcf1fhuep7yx', 'percent': 68.9, 'status': 'downloading'}
2026-03-04 19:14:41 [DEBUG] Sent: {'type': 'progress', 'id': 'mmcf1fhuep7yx', 'percent': 69.2, 'status': 'downloading'}
2026-03-04 19:14:41 [DEBUG] Sent: {'type': 'progress', 'id': 'mmcf1fhuep7yx', 'percent': 69.8, 'status': 'downloading'}
2026-03-04 19:14:41 [DEBUG] Sent: {'type': 'progress', 'id': 'mmcf1fhuep7yx', 'percent': 71.0, 'status': 'downloading'}
2026-03-04 19:14:41 [DEBUG] Sent: {'type': 'progress', 'id': 'mmcf1fhuep7yx', 'percent': 73.4, 'status': 'downloading'}
2026-03-04 19:14:41 [DEBUG] Sent: {'type': 'progress', 'id': 'mmcf1fhuep7yx', 'percent': 78.1, 'status': 'downloading'}
2026-03-04 19:14:41 [DEBUG] Sent: {'type': 'progress', 'id': 'mmcf1fhuep7yx', 'percent': 80.3, 'status': 'downloading'}
2026-03-04 19:14:41 [DEBUG] Sent: {'type': 'progress', 'id': 'mmcf1fhuep7yx', 'percent': 80.3, 'status': 'downloading'}
2026-03-04 19:14:41 [DEBUG] Sent: {'type': 'progress', 'id': 'mmcf1fhuep7yx', 'percent': 80.3, 'status': 'downloading'}
2026-03-04 19:14:41 [DEBUG] Sent: {'type': 'progress', 'id': 'mmcf1fhuep7yx', 'percent': 80.3, 'status': 'downloading'}
2026-03-04 19:14:41 [DEBUG] Sent: {'type': 'progress', 'id': 'mmcf1fhuep7yx', 'percent': 80.3, 'status': 'downloading'}
2026-03-04 19:14:41 [DEBUG] Sent: {'type': 'progress', 'id': 'mmcf1fhuep7yx', 'percent': 80.4, 'status': 'downloading'}
2026-03-04 19:14:42 [DEBUG] Sent: {'type': 'progress', 'id': 'mmcf1fhuep7yx', 'percent': 80.4, 'status': 'downloading'}
2026-03-04 19:14:42 [DEBUG] Sent: {'type': 'progress', 'id': 'mmcf1fhuep7yx', 'percent': 80.5, 'status': 'downloading'}
2026-03-04 19:14:42 [DEBUG] Sent: {'type': 'progress', 'id': 'mmcf1fhuep7yx', 'percent': 80.6, 'status': 'downloading'}
2026-03-04 19:14:42 [DEBUG] Sent: {'type': 'progress', 'id': 'mmcf1fhuep7yx', 'percent': 80.9, 'status': 'downloading'}
2026-03-04 19:14:42 [DEBUG] Sent: {'type': 'progress', 'id': 'mmcf1fhuep7yx', 'percent': 81.5, 'status': 'downloading'}
2026-03-04 19:14:42 [DEBUG] Sent: {'type': 'progress', 'id': 'mmcf1fhuep7yx', 'percent': 82.7, 'status': 'downloading'}
2026-03-04 19:14:42 [DEBUG] Sent: {'type': 'progress', 'id': 'mmcf1fhuep7yx', 'percent': 85.0, 'status': 'downloading'}
2026-03-04 19:14:42 [DEBUG] Sent: {'type': 'progress', 'id': 'mmcf1fhuep7yx', 'percent': 89.7, 'status': 'downloading'}
2026-03-04 19:14:42 [DEBUG] Sent: {'type': 'progress', 'id': 'mmcf1fhuep7yx', 'percent': 91.8, 'status': 'downloading'}
2026-03-04 19:14:42 [DEBUG] Sent: {'type': 'progress', 'id': 'mmcf1fhuep7yx', 'percent': 91.8, 'status': 'downloading'}
2026-03-04 19:14:42 [DEBUG] Sent: {'type': 'progress', 'id': 'mmcf1fhuep7yx', 'percent': 91.8, 'status': 'downloading'}
2026-03-04 19:14:42 [DEBUG] Sent: {'type': 'progress', 'id': 'mmcf1fhuep7yx', 'percent': 91.8, 'status': 'downloading'}
2026-03-04 19:14:42 [DEBUG] Sent: {'type': 'progress', 'id': 'mmcf1fhuep7yx', 'percent': 91.9, 'status': 'downloading'}
2026-03-04 19:14:42 [DEBUG] Sent: {'type': 'progress', 'id': 'mmcf1fhuep7yx', 'percent': 91.9, 'status': 'downloading'}
2026-03-04 19:14:42 [DEBUG] Sent: {'type': 'progress', 'id': 'mmcf1fhuep7yx', 'percent': 91.9, 'status': 'downloading'}
2026-03-04 19:14:42 [DEBUG] Sent: {'type': 'progress', 'id': 'mmcf1fhuep7yx', 'percent': 92.0, 'status': 'downloading'}
2026-03-04 19:14:42 [DEBUG] Sent: {'type': 'progress', 'id': 'mmcf1fhuep7yx', 'percent': 92.1, 'status': 'downloading'}
2026-03-04 19:14:42 [DEBUG] Sent: {'type': 'progress', 'id': 'mmcf1fhuep7yx', 'percent': 92.4, 'status': 'downloading'}
2026-03-04 19:14:42 [DEBUG] Sent: {'type': 'progress', 'id': 'mmcf1fhuep7yx', 'percent': 93.0, 'status': 'downloading'}
2026-03-04 19:14:42 [DEBUG] Sent: {'type': 'progress', 'id': 'mmcf1fhuep7yx', 'percent': 94.2, 'status': 'downloading'}
2026-03-04 19:14:42 [DEBUG] Sent: {'type': 'progress', 'id': 'mmcf1fhuep7yx', 'percent': 96.5, 'status': 'downloading'}
2026-03-04 19:14:43 [DEBUG] Sent: {'type': 'progress', 'id': 'mmcf1fhuep7yx', 'percent': 100.0, 'status': 'downloading'}
2026-03-04 19:14:43 [DEBUG] Sent: {'type': 'progress', 'id': 'mmcf1fhuep7yx', 'percent': 100, 'status': 'converting'}
2026-03-04 19:14:43 [ERROR] Download failed: ERROR: Postprocessing: ffprobe and ffmpeg not found. Please install or provide the path using --ffmpeg-location
Traceback (most recent call last):
  File "/Users/pauloamaral/code/chrome-youtube-music/host/venv/lib/python3.14/site-packages/yt_dlp/YoutubeDL.py", line 3622, in process_info
    replace_info_dict(self.post_process(dl_filename, info_dict, files_to_move))
                      ~~~~~~~~~~~~~~~~~^^^^^^^^^^^^^^^^^^^^^^^^^^^^^^^^^^^^^^^
  File "/Users/pauloamaral/code/chrome-youtube-music/host/venv/lib/python3.14/site-packages/yt_dlp/YoutubeDL.py", line 3808, in post_process
    info = self.run_all_pps('post_process', info, additional_pps=info.get('__postprocessors'))
  File "/Users/pauloamaral/code/chrome-youtube-music/host/venv/lib/python3.14/site-packages/yt_dlp/YoutubeDL.py", line 3790, in run_all_pps
    info = self.run_pp(pp, info)
  File "/Users/pauloamaral/code/chrome-youtube-music/host/venv/lib/python3.14/site-packages/yt_dlp/YoutubeDL.py", line 3768, in run_pp
    files_to_delete, infodict = pp.run(infodict)
                                ~~~~~~^^^^^^^^^^
  File "/Users/pauloamaral/code/chrome-youtube-music/host/venv/lib/python3.14/site-packages/yt_dlp/postprocessor/common.py", line 23, in run
    ret = func(self, info, *args, **kwargs)
  File "/Users/pauloamaral/code/chrome-youtube-music/host/venv/lib/python3.14/site-packages/yt_dlp/postprocessor/common.py", line 128, in wrapper
    return func(self, info)
  File "/Users/pauloamaral/code/chrome-youtube-music/host/venv/lib/python3.14/site-packages/yt_dlp/postprocessor/ffmpeg.py", line 486, in run
    filecodec = self.get_audio_codec(path)
  File "/Users/pauloamaral/code/chrome-youtube-music/host/venv/lib/python3.14/site-packages/yt_dlp/postprocessor/ffmpeg.py", line 234, in get_audio_codec
    raise PostProcessingError('ffprobe and ffmpeg not found. Please install or provide the path using --ffmpeg-location')
yt_dlp.utils.PostProcessingError: ffprobe and ffmpeg not found. Please install or provide the path using --ffmpeg-location

During handling of the above exception, another exception occurred:

Traceback (most recent call last):
  File "/Users/pauloamaral/code/chrome-youtube-music/host/yt_music_host.py", line 226, in download_video
    info = ydl.extract_info(url, download=True)
  File "/Users/pauloamaral/code/chrome-youtube-music/host/venv/lib/python3.14/site-packages/yt_dlp/YoutubeDL.py", line 1687, in extract_info
    return self.__extract_info(url, self.get_info_extractor(key), download, extra_info, process)
           ~~~~~~~~~~~~~~~~~~~^^^^^^^^^^^^^^^^^^^^^^^^^^^^^^^^^^^^^^^^^^^^^^^^^^^^^^^^^^^^^^^^^^
  File "/Users/pauloamaral/code/chrome-youtube-music/host/venv/lib/python3.14/site-packages/yt_dlp/YoutubeDL.py", line 1698, in wrapper
    return func(self, *args, **kwargs)
  File "/Users/pauloamaral/code/chrome-youtube-music/host/venv/lib/python3.14/site-packages/yt_dlp/YoutubeDL.py", line 1854, in __extract_info
    return self.process_ie_result(ie_result, download, extra_info)
           ~~~~~~~~~~~~~~~~~~~~~~^^^^^^^^^^^^^^^^^^^^^^^^^^^^^^^^^
  File "/Users/pauloamaral/code/chrome-youtube-music/host/venv/lib/python3.14/site-packages/yt_dlp/YoutubeDL.py", line 1913, in process_ie_result
    ie_result = self.process_video_result(ie_result, download=download)
  File "/Users/pauloamaral/code/chrome-youtube-music/host/venv/lib/python3.14/site-packages/yt_dlp/YoutubeDL.py", line 3096, in process_video_result
    self.process_info(new_info)
    ~~~~~~~~~~~~~~~~~^^^^^^^^^^
  File "/Users/pauloamaral/code/chrome-youtube-music/host/venv/lib/python3.14/site-packages/yt_dlp/YoutubeDL.py", line 189, in wrapper
    return func(self, *args, **kwargs)
  File "/Users/pauloamaral/code/chrome-youtube-music/host/venv/lib/python3.14/site-packages/yt_dlp/YoutubeDL.py", line 3624, in process_info
    self.report_error(f'Postprocessing: {err}')
    ~~~~~~~~~~~~~~~~~^^^^^^^^^^^^^^^^^^^^^^^^^^
  File "/Users/pauloamaral/code/chrome-youtube-music/host/venv/lib/python3.14/site-packages/yt_dlp/YoutubeDL.py", line 1154, in report_error
    self.trouble(f'{self._format_err("ERROR:", self.Styles.ERROR)} {message}', *args, **kwargs)
    ~~~~~~~~~~~~^^^^^^^^^^^^^^^^^^^^^^^^^^^^^^^^^^^^^^^^^^^^^^^^^^^^^^^^^^^^^^^^^^^^^^^^^^^^^^^
  File "/Users/pauloamaral/code/chrome-youtube-music/host/venv/lib/python3.14/site-packages/yt_dlp/YoutubeDL.py", line 1093, in trouble
    raise DownloadError(message, exc_info)
yt_dlp.utils.DownloadError: ERROR: Postprocessing: ffprobe and ffmpeg not found. Please install or provide the path using --ffmpeg-location
2026-03-04 19:14:43 [DEBUG] Sent: {'type': 'error', 'id': 'mmcf1fhuep7yx', 'message': 'ERROR: Postprocessing: ffprobe and ffmpeg not found. Please install or provide the path using --ffmpeg-location'}
2026-03-04 19:15:44 [DEBUG] Received: {'action': 'ping'}
2026-03-04 19:15:44 [DEBUG] Sent: {'type': 'pong'}
2026-03-04 19:15:44 [DEBUG] Received: {'action': 'list_files', 'outputDir': '~/Music/YouTubeMusic'}
2026-03-04 19:15:44 [DEBUG] Sent: {'type': 'file_list', 'files': [{'name': 'Pet Shop Boys - Flamboyant (Official Video) [HD Upgrade].mp3', 'title': 'Pet Shop Boys - Flamboyant (Official Video) [HD Upgrade]', 'size': 5707052, 'modified': 1772651572.4769866}]}
2026-03-04 19:15:53 [DEBUG] Received: {'action': 'ping'}
2026-03-04 19:15:53 [DEBUG] Sent: {'type': 'pong'}
2026-03-04 19:15:53 [DEBUG] Received: {'action': 'list_files', 'outputDir': '~/Music/YouTubeMusic'}
2026-03-04 19:15:53 [DEBUG] Sent: {'type': 'file_list', 'files': [{'name': 'Pet Shop Boys - Flamboyant (Official Video) [HD Upgrade].mp3', 'title': 'Pet Shop Boys - Flamboyant (Official Video) [HD Upgrade]', 'size': 5707052, 'modified': 1772651572.4769866}]}
2026-03-04 19:15:54 [DEBUG] Received: {'action': 'download', 'url': 'https://www.youtube.com/watch?v=o-NN2ABFNR4', 'id': 'mmcf33vgrnuuh', 'outputDir': '~/Music/YouTubeMusic'}
2026-03-04 19:15:54 [INFO] Starting download: https://www.youtube.com/watch?v=o-NN2ABFNR4 -> /Users/pauloamaral/Music/YouTubeMusic
2026-03-04 19:15:55 [DEBUG] Sent: {'type': 'progress', 'id': 'mmcf33vgrnuuh', 'percent': 100, 'status': 'converting'}
2026-03-04 19:15:55 [ERROR] Download failed: ERROR: Postprocessing: ffprobe and ffmpeg not found. Please install or provide the path using --ffmpeg-location
Traceback (most recent call last):
  File "/Users/pauloamaral/code/chrome-youtube-music/host/venv/lib/python3.14/site-packages/yt_dlp/YoutubeDL.py", line 3622, in process_info
    replace_info_dict(self.post_process(dl_filename, info_dict, files_to_move))
                      ~~~~~~~~~~~~~~~~~^^^^^^^^^^^^^^^^^^^^^^^^^^^^^^^^^^^^^^^
  File "/Users/pauloamaral/code/chrome-youtube-music/host/venv/lib/python3.14/site-packages/yt_dlp/YoutubeDL.py", line 3808, in post_process
    info = self.run_all_pps('post_process', info, additional_pps=info.get('__postprocessors'))
  File "/Users/pauloamaral/code/chrome-youtube-music/host/venv/lib/python3.14/site-packages/yt_dlp/YoutubeDL.py", line 3790, in run_all_pps
    info = self.run_pp(pp, info)
  File "/Users/pauloamaral/code/chrome-youtube-music/host/venv/lib/python3.14/site-packages/yt_dlp/YoutubeDL.py", line 3768, in run_pp
    files_to_delete, infodict = pp.run(infodict)
                                ~~~~~~^^^^^^^^^^
  File "/Users/pauloamaral/code/chrome-youtube-music/host/venv/lib/python3.14/site-packages/yt_dlp/postprocessor/common.py", line 23, in run
    ret = func(self, info, *args, **kwargs)
  File "/Users/pauloamaral/code/chrome-youtube-music/host/venv/lib/python3.14/site-packages/yt_dlp/postprocessor/common.py", line 128, in wrapper
    return func(self, info)
  File "/Users/pauloamaral/code/chrome-youtube-music/host/venv/lib/python3.14/site-packages/yt_dlp/postprocessor/ffmpeg.py", line 486, in run
    filecodec = self.get_audio_codec(path)
  File "/Users/pauloamaral/code/chrome-youtube-music/host/venv/lib/python3.14/site-packages/yt_dlp/postprocessor/ffmpeg.py", line 234, in get_audio_codec
    raise PostProcessingError('ffprobe and ffmpeg not found. Please install or provide the path using --ffmpeg-location')
yt_dlp.utils.PostProcessingError: ffprobe and ffmpeg not found. Please install or provide the path using --ffmpeg-location

During handling of the above exception, another exception occurred:

Traceback (most recent call last):
  File "/Users/pauloamaral/code/chrome-youtube-music/host/yt_music_host.py", line 226, in download_video
    info = ydl.extract_info(url, download=True)
  File "/Users/pauloamaral/code/chrome-youtube-music/host/venv/lib/python3.14/site-packages/yt_dlp/YoutubeDL.py", line 1687, in extract_info
    return self.__extract_info(url, self.get_info_extractor(key), download, extra_info, process)
           ~~~~~~~~~~~~~~~~~~~^^^^^^^^^^^^^^^^^^^^^^^^^^^^^^^^^^^^^^^^^^^^^^^^^^^^^^^^^^^^^^^^^^
  File "/Users/pauloamaral/code/chrome-youtube-music/host/venv/lib/python3.14/site-packages/yt_dlp/YoutubeDL.py", line 1698, in wrapper
    return func(self, *args, **kwargs)
  File "/Users/pauloamaral/code/chrome-youtube-music/host/venv/lib/python3.14/site-packages/yt_dlp/YoutubeDL.py", line 1854, in __extract_info
    return self.process_ie_result(ie_result, download, extra_info)
           ~~~~~~~~~~~~~~~~~~~~~~^^^^^^^^^^^^^^^^^^^^^^^^^^^^^^^^^
  File "/Users/pauloamaral/code/chrome-youtube-music/host/venv/lib/python3.14/site-packages/yt_dlp/YoutubeDL.py", line 1913, in process_ie_result
    ie_result = self.process_video_result(ie_result, download=download)
  File "/Users/pauloamaral/code/chrome-youtube-music/host/venv/lib/python3.14/site-packages/yt_dlp/YoutubeDL.py", line 3096, in process_video_result
    self.process_info(new_info)
    ~~~~~~~~~~~~~~~~~^^^^^^^^^^
  File "/Users/pauloamaral/code/chrome-youtube-music/host/venv/lib/python3.14/site-packages/yt_dlp/YoutubeDL.py", line 189, in wrapper
    return func(self, *args, **kwargs)
  File "/Users/pauloamaral/code/chrome-youtube-music/host/venv/lib/python3.14/site-packages/yt_dlp/YoutubeDL.py", line 3624, in process_info
    self.report_error(f'Postprocessing: {err}')
    ~~~~~~~~~~~~~~~~~^^^^^^^^^^^^^^^^^^^^^^^^^^
  File "/Users/pauloamaral/code/chrome-youtube-music/host/venv/lib/python3.14/site-packages/yt_dlp/YoutubeDL.py", line 1154, in report_error
    self.trouble(f'{self._format_err("ERROR:", self.Styles.ERROR)} {message}', *args, **kwargs)
    ~~~~~~~~~~~~^^^^^^^^^^^^^^^^^^^^^^^^^^^^^^^^^^^^^^^^^^^^^^^^^^^^^^^^^^^^^^^^^^^^^^^^^^^^^^^
  File "/Users/pauloamaral/code/chrome-youtube-music/host/venv/lib/python3.14/site-packages/yt_dlp/YoutubeDL.py", line 1093, in trouble
    raise DownloadError(message, exc_info)
yt_dlp.utils.DownloadError: ERROR: Postprocessing: ffprobe and ffmpeg not found. Please install or provide the path using --ffmpeg-location
2026-03-04 19:15:55 [DEBUG] Sent: {'type': 'error', 'id': 'mmcf33vgrnuuh', 'message': 'ERROR: Postprocessing: ffprobe and ffmpeg not found. Please install or provide the path using --ffmpeg-location'}
2026-03-04 19:16:08 [INFO] === Native host starting (pid=51938) ===
2026-03-04 19:16:08 [INFO] Config: output_dir=~/Music/YouTubeMusic, server_port=18932
2026-03-04 19:16:08 [INFO] HTTP server started on 127.0.0.1:18932 serving /Users/pauloamaral/Music/YouTubeMusic
2026-03-04 19:16:08 [DEBUG] Sent: {'type': 'server_started', 'port': 18932, 'baseUrl': 'http://127.0.0.1:18932'}
2026-03-04 19:16:12 [DEBUG] Received: {'action': 'ping'}
2026-03-04 19:16:12 [DEBUG] Sent: {'type': 'pong'}
2026-03-04 19:16:12 [DEBUG] Received: {'action': 'list_files', 'outputDir': '~/Music/YouTubeMusic'}
2026-03-04 19:16:12 [DEBUG] Sent: {'type': 'file_list', 'files': [{'name': 'Pet Shop Boys - Flamboyant (Official Video) [HD Upgrade].mp3', 'title': 'Pet Shop Boys - Flamboyant (Official Video) [HD Upgrade]', 'size': 5707052, 'modified': 1772651572.4769866}]}
2026-03-04 19:16:15 [DEBUG] Received: {'action': 'download', 'url': 'https://www.youtube.com/watch?v=o-NN2ABFNR4', 'id': 'mmcf3jvney6lg', 'outputDir': '~/Music/YouTubeMusic'}
2026-03-04 19:16:15 [INFO] Starting download: https://www.youtube.com/watch?v=o-NN2ABFNR4 -> /Users/pauloamaral/Music/YouTubeMusic
2026-03-04 19:16:16 [DEBUG] Sent: {'type': 'progress', 'id': 'mmcf3jvney6lg', 'percent': 100, 'status': 'converting'}
2026-03-04 19:16:40 [DEBUG] Received: {'action': 'ping'}
2026-03-04 19:16:40 [DEBUG] Sent: {'type': 'pong'}
2026-03-04 19:16:40 [DEBUG] Received: {'action': 'list_files', 'outputDir': '~/Music/YouTubeMusic'}
2026-03-04 19:16:40 [DEBUG] Sent: {'type': 'file_list', 'files': [{'name': 'DEEP HOUSE #2 ｜｜ TRANSCENDENT SETS.mp3', 'title': 'DEEP HOUSE #2 ｜｜ TRANSCENDENT SETS', 'size': 74711040, 'modified': 1772651800.6810741}, {'name': 'Pet Shop Boys - Flamboyant (Official Video) [HD Upgrade].mp3', 'title': 'Pet Shop Boys - Flamboyant (Official Video) [HD Upgrade]', 'size': 5707052, 'modified': 1772651572.4769866}]}
2026-03-04 19:16:46 [DEBUG] Received: {'action': 'download', 'url': 'https://www.youtube.com/watch?v=8juz37iCOa4', 'id': 'mmcf47iw0slsf', 'outputDir': '~/Music/YouTubeMusic'}
2026-03-04 19:16:46 [INFO] Starting download: https://www.youtube.com/watch?v=8juz37iCOa4 -> /Users/pauloamaral/Music/YouTubeMusic
2026-03-04 19:16:47 [DEBUG] Sent: {'type': 'progress', 'id': 'mmcf47iw0slsf', 'percent': 0.0, 'status': 'downloading'}
2026-03-04 19:16:47 [DEBUG] Sent: {'type': 'progress', 'id': 'mmcf47iw0slsf', 'percent': 0.0, 'status': 'downloading'}
2026-03-04 19:16:47 [DEBUG] Sent: {'type': 'progress', 'id': 'mmcf47iw0slsf', 'percent': 0.0, 'status': 'downloading'}
2026-03-04 19:16:47 [DEBUG] Sent: {'type': 'progress', 'id': 'mmcf47iw0slsf', 'percent': 0.0, 'status': 'downloading'}
2026-03-04 19:16:47 [DEBUG] Sent: {'type': 'progress', 'id': 'mmcf47iw0slsf', 'percent': 0.0, 'status': 'downloading'}
2026-03-04 19:16:47 [DEBUG] Sent: {'type': 'progress', 'id': 'mmcf47iw0slsf', 'percent': 0.1, 'status': 'downloading'}
2026-03-04 19:16:47 [DEBUG] Sent: {'type': 'progress', 'id': 'mmcf47iw0slsf', 'percent': 0.1, 'status': 'downloading'}
2026-03-04 19:16:47 [DEBUG] Sent: {'type': 'progress', 'id': 'mmcf47iw0slsf', 'percent': 0.2, 'status': 'downloading'}
2026-03-04 19:16:47 [DEBUG] Sent: {'type': 'progress', 'id': 'mmcf47iw0slsf', 'percent': 0.4, 'status': 'downloading'}
2026-03-04 19:16:47 [DEBUG] Sent: {'type': 'progress', 'id': 'mmcf47iw0slsf', 'percent': 0.9, 'status': 'downloading'}
2026-03-04 19:16:47 [DEBUG] Sent: {'type': 'progress', 'id': 'mmcf47iw0slsf', 'percent': 1.8, 'status': 'downloading'}
2026-03-04 19:16:47 [DEBUG] Sent: {'type': 'progress', 'id': 'mmcf47iw0slsf', 'percent': 3.6, 'status': 'downloading'}
2026-03-04 19:16:47 [DEBUG] Sent: {'type': 'progress', 'id': 'mmcf47iw0slsf', 'percent': 7.2, 'status': 'downloading'}
2026-03-04 19:16:47 [DEBUG] Sent: {'type': 'progress', 'id': 'mmcf47iw0slsf', 'percent': 9.0, 'status': 'downloading'}
2026-03-04 19:16:47 [DEBUG] Sent: {'type': 'progress', 'id': 'mmcf47iw0slsf', 'percent': 9.0, 'status': 'downloading'}
2026-03-04 19:16:47 [DEBUG] Sent: {'type': 'progress', 'id': 'mmcf47iw0slsf', 'percent': 9.0, 'status': 'downloading'}
2026-03-04 19:16:47 [DEBUG] Sent: {'type': 'progress', 'id': 'mmcf47iw0slsf', 'percent': 9.0, 'status': 'downloading'}
2026-03-04 19:16:47 [DEBUG] Sent: {'type': 'progress', 'id': 'mmcf47iw0slsf', 'percent': 9.0, 'status': 'downloading'}
2026-03-04 19:16:47 [DEBUG] Sent: {'type': 'progress', 'id': 'mmcf47iw0slsf', 'percent': 9.0, 'status': 'downloading'}
2026-03-04 19:16:47 [DEBUG] Sent: {'type': 'progress', 'id': 'mmcf47iw0slsf', 'percent': 9.0, 'status': 'downloading'}
2026-03-04 19:16:47 [DEBUG] Sent: {'type': 'progress', 'id': 'mmcf47iw0slsf', 'percent': 9.1, 'status': 'downloading'}
2026-03-04 19:16:47 [DEBUG] Sent: {'type': 'progress', 'id': 'mmcf47iw0slsf', 'percent': 9.2, 'status': 'downloading'}
2026-03-04 19:16:47 [DEBUG] Sent: {'type': 'progress', 'id': 'mmcf47iw0slsf', 'percent': 9.4, 'status': 'downloading'}
2026-03-04 19:16:47 [DEBUG] Sent: {'type': 'progress', 'id': 'mmcf47iw0slsf', 'percent': 9.8, 'status': 'downloading'}
2026-03-04 19:16:47 [DEBUG] Sent: {'type': 'progress', 'id': 'mmcf47iw0slsf', 'percent': 10.7, 'status': 'downloading'}
2026-03-04 19:16:48 [DEBUG] Sent: {'type': 'progress', 'id': 'mmcf47iw0slsf', 'percent': 12.5, 'status': 'downloading'}
2026-03-04 19:16:48 [DEBUG] Sent: {'type': 'progress', 'id': 'mmcf47iw0slsf', 'percent': 16.1, 'status': 'downloading'}
2026-03-04 19:16:48 [DEBUG] Sent: {'type': 'progress', 'id': 'mmcf47iw0slsf', 'percent': 17.8, 'status': 'downloading'}
2026-03-04 19:16:48 [DEBUG] Sent: {'type': 'progress', 'id': 'mmcf47iw0slsf', 'percent': 17.8, 'status': 'downloading'}
2026-03-04 19:16:48 [DEBUG] Sent: {'type': 'progress', 'id': 'mmcf47iw0slsf', 'percent': 17.8, 'status': 'downloading'}
2026-03-04 19:16:48 [DEBUG] Sent: {'type': 'progress', 'id': 'mmcf47iw0slsf', 'percent': 17.8, 'status': 'downloading'}
2026-03-04 19:16:48 [DEBUG] Sent: {'type': 'progress', 'id': 'mmcf47iw0slsf', 'percent': 17.8, 'status': 'downloading'}
2026-03-04 19:16:48 [DEBUG] Sent: {'type': 'progress', 'id': 'mmcf47iw0slsf', 'percent': 17.8, 'status': 'downloading'}
2026-03-04 19:16:48 [DEBUG] Sent: {'type': 'progress', 'id': 'mmcf47iw0slsf', 'percent': 17.9, 'status': 'downloading'}
2026-03-04 19:16:48 [DEBUG] Sent: {'type': 'progress', 'id': 'mmcf47iw0slsf', 'percent': 17.9, 'status': 'downloading'}
2026-03-04 19:16:48 [DEBUG] Sent: {'type': 'progress', 'id': 'mmcf47iw0slsf', 'percent': 18.0, 'status': 'downloading'}
2026-03-04 19:16:48 [DEBUG] Sent: {'type': 'progress', 'id': 'mmcf47iw0slsf', 'percent': 18.3, 'status': 'downloading'}
2026-03-04 19:16:48 [DEBUG] Sent: {'type': 'progress', 'id': 'mmcf47iw0slsf', 'percent': 18.7, 'status': 'downloading'}
2026-03-04 19:16:48 [DEBUG] Sent: {'type': 'progress', 'id': 'mmcf47iw0slsf', 'percent': 19.6, 'status': 'downloading'}
2026-03-04 19:16:48 [DEBUG] Sent: {'type': 'progress', 'id': 'mmcf47iw0slsf', 'percent': 21.4, 'status': 'downloading'}
2026-03-04 19:16:48 [DEBUG] Sent: {'type': 'progress', 'id': 'mmcf47iw0slsf', 'percent': 25.0, 'status': 'downloading'}
2026-03-04 19:16:48 [DEBUG] Sent: {'type': 'progress', 'id': 'mmcf47iw0slsf', 'percent': 26.7, 'status': 'downloading'}
2026-03-04 19:16:48 [DEBUG] Sent: {'type': 'progress', 'id': 'mmcf47iw0slsf', 'percent': 26.7, 'status': 'downloading'}
2026-03-04 19:16:48 [DEBUG] Sent: {'type': 'progress', 'id': 'mmcf47iw0slsf', 'percent': 26.7, 'status': 'downloading'}
2026-03-04 19:16:48 [DEBUG] Sent: {'type': 'progress', 'id': 'mmcf47iw0slsf', 'percent': 26.7, 'status': 'downloading'}
2026-03-04 19:16:48 [DEBUG] Sent: {'type': 'progress', 'id': 'mmcf47iw0slsf', 'percent': 26.7, 'status': 'downloading'}
2026-03-04 19:16:48 [DEBUG] Sent: {'type': 'progress', 'id': 'mmcf47iw0slsf', 'percent': 26.7, 'status': 'downloading'}
2026-03-04 19:16:48 [DEBUG] Sent: {'type': 'progress', 'id': 'mmcf47iw0slsf', 'percent': 26.7, 'status': 'downloading'}
2026-03-04 19:16:48 [DEBUG] Sent: {'type': 'progress', 'id': 'mmcf47iw0slsf', 'percent': 26.8, 'status': 'downloading'}
2026-03-04 19:16:49 [DEBUG] Sent: {'type': 'progress', 'id': 'mmcf47iw0slsf', 'percent': 26.9, 'status': 'downloading'}
2026-03-04 19:16:49 [DEBUG] Sent: {'type': 'progress', 'id': 'mmcf47iw0slsf', 'percent': 27.1, 'status': 'downloading'}
2026-03-04 19:16:49 [DEBUG] Sent: {'type': 'progress', 'id': 'mmcf47iw0slsf', 'percent': 27.6, 'status': 'downloading'}
2026-03-04 19:16:49 [DEBUG] Sent: {'type': 'progress', 'id': 'mmcf47iw0slsf', 'percent': 28.5, 'status': 'downloading'}
2026-03-04 19:16:49 [DEBUG] Sent: {'type': 'progress', 'id': 'mmcf47iw0slsf', 'percent': 30.3, 'status': 'downloading'}
2026-03-04 19:16:49 [DEBUG] Sent: {'type': 'progress', 'id': 'mmcf47iw0slsf', 'percent': 33.8, 'status': 'downloading'}
2026-03-04 19:16:49 [DEBUG] Sent: {'type': 'progress', 'id': 'mmcf47iw0slsf', 'percent': 35.3, 'status': 'downloading'}
2026-03-04 19:16:49 [DEBUG] Sent: {'type': 'progress', 'id': 'mmcf47iw0slsf', 'percent': 35.3, 'status': 'downloading'}
2026-03-04 19:16:49 [DEBUG] Sent: {'type': 'progress', 'id': 'mmcf47iw0slsf', 'percent': 35.3, 'status': 'downloading'}
2026-03-04 19:16:49 [DEBUG] Sent: {'type': 'progress', 'id': 'mmcf47iw0slsf', 'percent': 35.3, 'status': 'downloading'}
2026-03-04 19:16:49 [DEBUG] Sent: {'type': 'progress', 'id': 'mmcf47iw0slsf', 'percent': 35.3, 'status': 'downloading'}
2026-03-04 19:16:49 [DEBUG] Sent: {'type': 'progress', 'id': 'mmcf47iw0slsf', 'percent': 35.3, 'status': 'downloading'}
2026-03-04 19:16:49 [DEBUG] Sent: {'type': 'progress', 'id': 'mmcf47iw0slsf', 'percent': 35.3, 'status': 'downloading'}
2026-03-04 19:16:49 [DEBUG] Sent: {'type': 'progress', 'id': 'mmcf47iw0slsf', 'percent': 35.4, 'status': 'downloading'}
2026-03-04 19:16:49 [DEBUG] Sent: {'type': 'progress', 'id': 'mmcf47iw0slsf', 'percent': 35.5, 'status': 'downloading'}
2026-03-04 19:16:49 [DEBUG] Sent: {'type': 'progress', 'id': 'mmcf47iw0slsf', 'percent': 35.7, 'status': 'downloading'}
2026-03-04 19:16:49 [DEBUG] Sent: {'type': 'progress', 'id': 'mmcf47iw0slsf', 'percent': 36.2, 'status': 'downloading'}
2026-03-04 19:16:49 [DEBUG] Sent: {'type': 'progress', 'id': 'mmcf47iw0slsf', 'percent': 37.1, 'status': 'downloading'}
2026-03-04 19:16:50 [DEBUG] Sent: {'type': 'progress', 'id': 'mmcf47iw0slsf', 'percent': 38.9, 'status': 'downloading'}
2026-03-04 19:16:50 [DEBUG] Sent: {'type': 'progress', 'id': 'mmcf47iw0slsf', 'percent': 42.4, 'status': 'downloading'}
2026-03-04 19:16:50 [DEBUG] Sent: {'type': 'progress', 'id': 'mmcf47iw0slsf', 'percent': 44.0, 'status': 'downloading'}
2026-03-04 19:16:50 [DEBUG] Sent: {'type': 'progress', 'id': 'mmcf47iw0slsf', 'percent': 44.0, 'status': 'downloading'}
2026-03-04 19:16:50 [DEBUG] Sent: {'type': 'progress', 'id': 'mmcf47iw0slsf', 'percent': 44.0, 'status': 'downloading'}
2026-03-04 19:16:50 [DEBUG] Sent: {'type': 'progress', 'id': 'mmcf47iw0slsf', 'percent': 44.0, 'status': 'downloading'}
2026-03-04 19:16:50 [DEBUG] Sent: {'type': 'progress', 'id': 'mmcf47iw0slsf', 'percent': 44.0, 'status': 'downloading'}
2026-03-04 19:16:50 [DEBUG] Sent: {'type': 'progress', 'id': 'mmcf47iw0slsf', 'percent': 44.0, 'status': 'downloading'}
2026-03-04 19:16:50 [DEBUG] Sent: {'type': 'progress', 'id': 'mmcf47iw0slsf', 'percent': 44.1, 'status': 'downloading'}
2026-03-04 19:16:50 [DEBUG] Sent: {'type': 'progress', 'id': 'mmcf47iw0slsf', 'percent': 44.1, 'status': 'downloading'}
2026-03-04 19:16:50 [DEBUG] Sent: {'type': 'progress', 'id': 'mmcf47iw0slsf', 'percent': 44.2, 'status': 'downloading'}
2026-03-04 19:16:50 [DEBUG] Sent: {'type': 'progress', 'id': 'mmcf47iw0slsf', 'percent': 44.5, 'status': 'downloading'}
2026-03-04 19:16:50 [DEBUG] Sent: {'type': 'progress', 'id': 'mmcf47iw0slsf', 'percent': 44.9, 'status': 'downloading'}
2026-03-04 19:16:50 [DEBUG] Sent: {'type': 'progress', 'id': 'mmcf47iw0slsf', 'percent': 45.8, 'status': 'downloading'}
2026-03-04 19:16:50 [DEBUG] Sent: {'type': 'progress', 'id': 'mmcf47iw0slsf', 'percent': 47.6, 'status': 'downloading'}
2026-03-04 19:16:51 [DEBUG] Sent: {'type': 'progress', 'id': 'mmcf47iw0slsf', 'percent': 51.2, 'status': 'downloading'}
2026-03-04 19:16:51 [DEBUG] Sent: {'type': 'progress', 'id': 'mmcf47iw0slsf', 'percent': 53.0, 'status': 'downloading'}
2026-03-04 19:16:51 [DEBUG] Sent: {'type': 'progress', 'id': 'mmcf47iw0slsf', 'percent': 53.0, 'status': 'downloading'}
2026-03-04 19:16:51 [DEBUG] Sent: {'type': 'progress', 'id': 'mmcf47iw0slsf', 'percent': 53.0, 'status': 'downloading'}
2026-03-04 19:16:51 [DEBUG] Sent: {'type': 'progress', 'id': 'mmcf47iw0slsf', 'percent': 53.0, 'status': 'downloading'}
2026-03-04 19:16:51 [DEBUG] Sent: {'type': 'progress', 'id': 'mmcf47iw0slsf', 'percent': 53.0, 'status': 'downloading'}
2026-03-04 19:16:51 [DEBUG] Sent: {'type': 'progress', 'id': 'mmcf47iw0slsf', 'percent': 53.0, 'status': 'downloading'}
2026-03-04 19:16:51 [DEBUG] Sent: {'type': 'progress', 'id': 'mmcf47iw0slsf', 'percent': 53.0, 'status': 'downloading'}
2026-03-04 19:16:51 [DEBUG] Sent: {'type': 'progress', 'id': 'mmcf47iw0slsf', 'percent': 53.1, 'status': 'downloading'}
2026-03-04 19:16:51 [DEBUG] Sent: {'type': 'progress', 'id': 'mmcf47iw0slsf', 'percent': 53.2, 'status': 'downloading'}
2026-03-04 19:16:51 [DEBUG] Sent: {'type': 'progress', 'id': 'mmcf47iw0slsf', 'percent': 53.4, 'status': 'downloading'}
2026-03-04 19:16:51 [DEBUG] Sent: {'type': 'progress', 'id': 'mmcf47iw0slsf', 'percent': 53.9, 'status': 'downloading'}
2026-03-04 19:16:51 [DEBUG] Sent: {'type': 'progress', 'id': 'mmcf47iw0slsf', 'percent': 54.8, 'status': 'downloading'}
2026-03-04 19:16:51 [DEBUG] Sent: {'type': 'progress', 'id': 'mmcf47iw0slsf', 'percent': 56.6, 'status': 'downloading'}
2026-03-04 19:16:52 [DEBUG] Sent: {'type': 'progress', 'id': 'mmcf47iw0slsf', 'percent': 60.1, 'status': 'downloading'}
2026-03-04 19:16:52 [DEBUG] Sent: {'type': 'progress', 'id': 'mmcf47iw0slsf', 'percent': 61.5, 'status': 'downloading'}
2026-03-04 19:16:52 [DEBUG] Sent: {'type': 'progress', 'id': 'mmcf47iw0slsf', 'percent': 61.5, 'status': 'downloading'}
2026-03-04 19:16:52 [DEBUG] Sent: {'type': 'progress', 'id': 'mmcf47iw0slsf', 'percent': 61.5, 'status': 'downloading'}
2026-03-04 19:16:52 [DEBUG] Sent: {'type': 'progress', 'id': 'mmcf47iw0slsf', 'percent': 61.5, 'status': 'downloading'}
2026-03-04 19:16:52 [DEBUG] Sent: {'type': 'progress', 'id': 'mmcf47iw0slsf', 'percent': 61.6, 'status': 'downloading'}
2026-03-04 19:16:52 [DEBUG] Sent: {'type': 'progress', 'id': 'mmcf47iw0slsf', 'percent': 61.6, 'status': 'downloading'}
2026-03-04 19:16:52 [DEBUG] Sent: {'type': 'progress', 'id': 'mmcf47iw0slsf', 'percent': 61.6, 'status': 'downloading'}
2026-03-04 19:16:52 [DEBUG] Sent: {'type': 'progress', 'id': 'mmcf47iw0slsf', 'percent': 61.7, 'status': 'downloading'}
2026-03-04 19:16:52 [DEBUG] Sent: {'type': 'progress', 'id': 'mmcf47iw0slsf', 'percent': 61.8, 'status': 'downloading'}
2026-03-04 19:16:52 [DEBUG] Sent: {'type': 'progress', 'id': 'mmcf47iw0slsf', 'percent': 62.0, 'status': 'downloading'}
2026-03-04 19:16:52 [DEBUG] Sent: {'type': 'progress', 'id': 'mmcf47iw0slsf', 'percent': 62.4, 'status': 'downloading'}
2026-03-04 19:16:52 [DEBUG] Sent: {'type': 'progress', 'id': 'mmcf47iw0slsf', 'percent': 63.3, 'status': 'downloading'}
2026-03-04 19:16:52 [DEBUG] Sent: {'type': 'progress', 'id': 'mmcf47iw0slsf', 'percent': 65.1, 'status': 'downloading'}
2026-03-04 19:16:52 [DEBUG] Sent: {'type': 'progress', 'id': 'mmcf47iw0slsf', 'percent': 68.7, 'status': 'downloading'}
2026-03-04 19:16:53 [DEBUG] Sent: {'type': 'progress', 'id': 'mmcf47iw0slsf', 'percent': 70.4, 'status': 'downloading'}
2026-03-04 19:16:53 [DEBUG] Sent: {'type': 'progress', 'id': 'mmcf47iw0slsf', 'percent': 70.4, 'status': 'downloading'}
2026-03-04 19:16:53 [DEBUG] Sent: {'type': 'progress', 'id': 'mmcf47iw0slsf', 'percent': 70.4, 'status': 'downloading'}
2026-03-04 19:16:53 [DEBUG] Sent: {'type': 'progress', 'id': 'mmcf47iw0slsf', 'percent': 70.4, 'status': 'downloading'}
2026-03-04 19:16:53 [DEBUG] Sent: {'type': 'progress', 'id': 'mmcf47iw0slsf', 'percent': 70.5, 'status': 'downloading'}
2026-03-04 19:16:53 [DEBUG] Sent: {'type': 'progress', 'id': 'mmcf47iw0slsf', 'percent': 70.5, 'status': 'downloading'}
2026-03-04 19:16:53 [DEBUG] Sent: {'type': 'progress', 'id': 'mmcf47iw0slsf', 'percent': 70.5, 'status': 'downloading'}
2026-03-04 19:16:53 [DEBUG] Sent: {'type': 'progress', 'id': 'mmcf47iw0slsf', 'percent': 70.6, 'status': 'downloading'}
2026-03-04 19:16:53 [DEBUG] Sent: {'type': 'progress', 'id': 'mmcf47iw0slsf', 'percent': 70.7, 'status': 'downloading'}
2026-03-04 19:16:53 [DEBUG] Sent: {'type': 'progress', 'id': 'mmcf47iw0slsf', 'percent': 70.9, 'status': 'downloading'}
2026-03-04 19:16:53 [DEBUG] Sent: {'type': 'progress', 'id': 'mmcf47iw0slsf', 'percent': 71.3, 'status': 'downloading'}
2026-03-04 19:16:53 [DEBUG] Sent: {'type': 'progress', 'id': 'mmcf47iw0slsf', 'percent': 72.2, 'status': 'downloading'}
2026-03-04 19:16:53 [DEBUG] Sent: {'type': 'progress', 'id': 'mmcf47iw0slsf', 'percent': 74.0, 'status': 'downloading'}
2026-03-04 19:16:53 [DEBUG] Sent: {'type': 'progress', 'id': 'mmcf47iw0slsf', 'percent': 77.6, 'status': 'downloading'}
2026-03-04 19:16:53 [DEBUG] Sent: {'type': 'progress', 'id': 'mmcf47iw0slsf', 'percent': 79.0, 'status': 'downloading'}
2026-03-04 19:16:53 [DEBUG] Sent: {'type': 'progress', 'id': 'mmcf47iw0slsf', 'percent': 79.0, 'status': 'downloading'}
2026-03-04 19:16:53 [DEBUG] Sent: {'type': 'progress', 'id': 'mmcf47iw0slsf', 'percent': 79.0, 'status': 'downloading'}
2026-03-04 19:16:53 [DEBUG] Sent: {'type': 'progress', 'id': 'mmcf47iw0slsf', 'percent': 79.0, 'status': 'downloading'}
2026-03-04 19:16:53 [DEBUG] Sent: {'type': 'progress', 'id': 'mmcf47iw0slsf', 'percent': 79.0, 'status': 'downloading'}
2026-03-04 19:16:53 [DEBUG] Sent: {'type': 'progress', 'id': 'mmcf47iw0slsf', 'percent': 79.0, 'status': 'downloading'}
2026-03-04 19:16:53 [DEBUG] Sent: {'type': 'progress', 'id': 'mmcf47iw0slsf', 'percent': 79.0, 'status': 'downloading'}
2026-03-04 19:16:53 [DEBUG] Sent: {'type': 'progress', 'id': 'mmcf47iw0slsf', 'percent': 79.1, 'status': 'downloading'}
2026-03-04 19:16:53 [DEBUG] Sent: {'type': 'progress', 'id': 'mmcf47iw0slsf', 'percent': 79.2, 'status': 'downloading'}
2026-03-04 19:16:53 [DEBUG] Sent: {'type': 'progress', 'id': 'mmcf47iw0slsf', 'percent': 79.4, 'status': 'downloading'}
2026-03-04 19:16:53 [DEBUG] Sent: {'type': 'progress', 'id': 'mmcf47iw0slsf', 'percent': 79.9, 'status': 'downloading'}
2026-03-04 19:16:53 [DEBUG] Sent: {'type': 'progress', 'id': 'mmcf47iw0slsf', 'percent': 80.8, 'status': 'downloading'}
2026-03-04 19:16:53 [DEBUG] Sent: {'type': 'progress', 'id': 'mmcf47iw0slsf', 'percent': 82.6, 'status': 'downloading'}
2026-03-04 19:16:54 [DEBUG] Sent: {'type': 'progress', 'id': 'mmcf47iw0slsf', 'percent': 86.2, 'status': 'downloading'}
2026-03-04 19:16:54 [DEBUG] Sent: {'type': 'progress', 'id': 'mmcf47iw0slsf', 'percent': 87.6, 'status': 'downloading'}
2026-03-04 19:16:54 [DEBUG] Sent: {'type': 'progress', 'id': 'mmcf47iw0slsf', 'percent': 87.6, 'status': 'downloading'}
2026-03-04 19:16:54 [DEBUG] Sent: {'type': 'progress', 'id': 'mmcf47iw0slsf', 'percent': 87.6, 'status': 'downloading'}
2026-03-04 19:16:54 [DEBUG] Sent: {'type': 'progress', 'id': 'mmcf47iw0slsf', 'percent': 87.6, 'status': 'downloading'}
2026-03-04 19:16:54 [DEBUG] Sent: {'type': 'progress', 'id': 'mmcf47iw0slsf', 'percent': 87.6, 'status': 'downloading'}
2026-03-04 19:16:54 [DEBUG] Sent: {'type': 'progress', 'id': 'mmcf47iw0slsf', 'percent': 87.6, 'status': 'downloading'}
2026-03-04 19:16:54 [DEBUG] Sent: {'type': 'progress', 'id': 'mmcf47iw0slsf', 'percent': 87.7, 'status': 'downloading'}
2026-03-04 19:16:54 [DEBUG] Sent: {'type': 'progress', 'id': 'mmcf47iw0slsf', 'percent': 87.7, 'status': 'downloading'}
2026-03-04 19:16:54 [DEBUG] Sent: {'type': 'progress', 'id': 'mmcf47iw0slsf', 'percent': 87.8, 'status': 'downloading'}
2026-03-04 19:16:54 [DEBUG] Sent: {'type': 'progress', 'id': 'mmcf47iw0slsf', 'percent': 88.1, 'status': 'downloading'}
2026-03-04 19:16:54 [DEBUG] Sent: {'type': 'progress', 'id': 'mmcf47iw0slsf', 'percent': 88.5, 'status': 'downloading'}
2026-03-04 19:16:54 [DEBUG] Sent: {'type': 'progress', 'id': 'mmcf47iw0slsf', 'percent': 89.4, 'status': 'downloading'}
2026-03-04 19:16:54 [DEBUG] Sent: {'type': 'progress', 'id': 'mmcf47iw0slsf', 'percent': 91.2, 'status': 'downloading'}
2026-03-04 19:16:54 [DEBUG] Sent: {'type': 'progress', 'id': 'mmcf47iw0slsf', 'percent': 94.8, 'status': 'downloading'}
2026-03-04 19:16:54 [DEBUG] Sent: {'type': 'progress', 'id': 'mmcf47iw0slsf', 'percent': 96.5, 'status': 'downloading'}
2026-03-04 19:16:55 [DEBUG] Sent: {'type': 'progress', 'id': 'mmcf47iw0slsf', 'percent': 96.5, 'status': 'downloading'}
2026-03-04 19:16:55 [DEBUG] Sent: {'type': 'progress', 'id': 'mmcf47iw0slsf', 'percent': 96.5, 'status': 'downloading'}
2026-03-04 19:16:55 [DEBUG] Sent: {'type': 'progress', 'id': 'mmcf47iw0slsf', 'percent': 96.5, 'status': 'downloading'}
2026-03-04 19:16:55 [DEBUG] Sent: {'type': 'progress', 'id': 'mmcf47iw0slsf', 'percent': 96.5, 'status': 'downloading'}
2026-03-04 19:16:55 [DEBUG] Sent: {'type': 'progress', 'id': 'mmcf47iw0slsf', 'percent': 96.5, 'status': 'downloading'}
2026-03-04 19:16:55 [DEBUG] Sent: {'type': 'progress', 'id': 'mmcf47iw0slsf', 'percent': 96.6, 'status': 'downloading'}
2026-03-04 19:16:55 [DEBUG] Sent: {'type': 'progress', 'id': 'mmcf47iw0slsf', 'percent': 96.6, 'status': 'downloading'}
2026-03-04 19:16:55 [DEBUG] Sent: {'type': 'progress', 'id': 'mmcf47iw0slsf', 'percent': 96.7, 'status': 'downloading'}
2026-03-04 19:16:55 [DEBUG] Sent: {'type': 'progress', 'id': 'mmcf47iw0slsf', 'percent': 96.9, 'status': 'downloading'}
2026-03-04 19:16:55 [DEBUG] Sent: {'type': 'progress', 'id': 'mmcf47iw0slsf', 'percent': 97.4, 'status': 'downloading'}
2026-03-04 19:16:55 [DEBUG] Sent: {'type': 'progress', 'id': 'mmcf47iw0slsf', 'percent': 98.3, 'status': 'downloading'}
2026-03-04 19:16:55 [DEBUG] Sent: {'type': 'progress', 'id': 'mmcf47iw0slsf', 'percent': 100.0, 'status': 'downloading'}
2026-03-04 19:16:55 [DEBUG] Sent: {'type': 'progress', 'id': 'mmcf47iw0slsf', 'percent': 100, 'status': 'converting'}
2026-03-04 19:16:55 [DEBUG] Sent: {'type': 'download_complete', 'id': 'mmcf3jvney6lg', 'filename': 'DEEP HOUSE #2 ｜｜ TRANSCENDENT SETS.mp3', 'title': 'DEEP HOUSE #2 || TRANSCENDENT SETS', 'duration': 5066, 'size': 121579244}
2026-03-04 19:16:55 [INFO] Download complete: DEEP HOUSE #2 || TRANSCENDENT SETS -> /Users/pauloamaral/Music/YouTubeMusic/DEEP HOUSE #2 ｜｜ TRANSCENDENT SETS.mp3
2026-03-04 19:16:55 [DEBUG] Received: {'action': 'list_files', 'outputDir': '~/Music/YouTubeMusic'}
2026-03-04 19:16:55 [DEBUG] Sent: {'type': 'file_list', 'files': [{'name': 'DEEP HOUSE #2 ｜｜ TRANSCENDENT SETS.mp3', 'title': 'DEEP HOUSE #2 ｜｜ TRANSCENDENT SETS', 'size': 121579244, 'modified': 1772651683.157675}, {'name': 'Pet Shop Boys - Flamboyant (Official Video) [HD Upgrade].mp3', 'title': 'Pet Shop Boys - Flamboyant (Official Video) [HD Upgrade]', 'size': 5707052, 'modified': 1772651572.4769866}]}
2026-03-04 19:17:31 [DEBUG] Received: {'action': 'ping'}
2026-03-04 19:17:31 [DEBUG] Sent: {'type': 'pong'}
2026-03-04 19:17:31 [DEBUG] Received: {'action': 'list_files', 'outputDir': '~/Music/YouTubeMusic'}
2026-03-04 19:17:31 [DEBUG] Sent: {'type': 'file_list', 'files': [{'name': 'DUB TECHNO #53 ｜｜ TRANSCENDENT SETS.mp3', 'title': 'DUB TECHNO #53 ｜｜ TRANSCENDENT SETS', 'size': 120324096, 'modified': 1772651851.767073}, {'name': 'DEEP HOUSE #2 ｜｜ TRANSCENDENT SETS.mp3', 'title': 'DEEP HOUSE #2 ｜｜ TRANSCENDENT SETS', 'size': 121579244, 'modified': 1772651683.157675}, {'name': 'Pet Shop Boys - Flamboyant (Official Video) [HD Upgrade].mp3', 'title': 'Pet Shop Boys - Flamboyant (Official Video) [HD Upgrade]', 'size': 5707052, 'modified': 1772651572.4769866}]}
2026-03-04 19:17:48 [DEBUG] Sent: {'type': 'download_complete', 'id': 'mmcf47iw0slsf', 'filename': 'DUB TECHNO #53 ｜｜ TRANSCENDENT SETS.mp3', 'title': 'DUB TECHNO #53 || TRANSCENDENT SETS', 'duration': 7219, 'size': 173265452}
2026-03-04 19:17:48 [INFO] Download complete: DUB TECHNO #53 || TRANSCENDENT SETS -> /Users/pauloamaral/Music/YouTubeMusic/DUB TECHNO #53 ｜｜ TRANSCENDENT SETS.mp3
2026-03-04 19:17:48 [DEBUG] Received: {'action': 'list_files', 'outputDir': '~/Music/YouTubeMusic'}
2026-03-04 19:17:48 [DEBUG] Sent: {'type': 'file_list', 'files': [{'name': 'DUB TECHNO #53 ｜｜ TRANSCENDENT SETS.mp3', 'title': 'DUB TECHNO #53 ｜｜ TRANSCENDENT SETS', 'size': 173265452, 'modified': 1772651815.2701864}, {'name': 'DEEP HOUSE #2 ｜｜ TRANSCENDENT SETS.mp3', 'title': 'DEEP HOUSE #2 ｜｜ TRANSCENDENT SETS', 'size': 121579244, 'modified': 1772651683.157675}, {'name': 'Pet Shop Boys - Flamboyant (Official Video) [HD Upgrade].mp3', 'title': 'Pet Shop Boys - Flamboyant (Official Video) [HD Upgrade]', 'size': 5707052, 'modified': 1772651572.4769866}]}
2026-03-04 19:18:18 [DEBUG] Received: {'action': 'ping'}
2026-03-04 19:18:18 [DEBUG] Sent: {'type': 'pong'}
2026-03-04 19:18:18 [DEBUG] Received: {'action': 'list_files', 'outputDir': '~/Music/YouTubeMusic'}
2026-03-04 19:18:18 [DEBUG] Sent: {'type': 'file_list', 'files': [{'name': 'DUB TECHNO #53 ｜｜ TRANSCENDENT SETS.mp3', 'title': 'DUB TECHNO #53 ｜｜ TRANSCENDENT SETS', 'size': 173265452, 'modified': 1772651815.2701864}, {'name': 'DEEP HOUSE #2 ｜｜ TRANSCENDENT SETS.mp3', 'title': 'DEEP HOUSE #2 ｜｜ TRANSCENDENT SETS', 'size': 121579244, 'modified': 1772651683.157675}, {'name': 'Pet Shop Boys - Flamboyant (Official Video) [HD Upgrade].mp3', 'title': 'Pet Shop Boys - Flamboyant (Official Video) [HD Upgrade]', 'size': 5707052, 'modified': 1772651572.4769866}]}
2026-03-04 19:19:28 [DEBUG] Received: {'action': 'ping'}
2026-03-04 19:19:28 [DEBUG] Sent: {'type': 'pong'}
2026-03-04 19:19:28 [DEBUG] Received: {'action': 'list_files', 'outputDir': '~/Music/YouTubeMusic'}
2026-03-04 19:19:28 [DEBUG] Sent: {'type': 'file_list', 'files': [{'name': 'DUB TECHNO #53 ｜｜ TRANSCENDENT SETS.mp3', 'title': 'DUB TECHNO #53 ｜｜ TRANSCENDENT SETS', 'size': 173265452, 'modified': 1772651815.2701864}, {'name': 'DEEP HOUSE #2 ｜｜ TRANSCENDENT SETS.mp3', 'title': 'DEEP HOUSE #2 ｜｜ TRANSCENDENT SETS', 'size': 121579244, 'modified': 1772651683.157675}, {'name': 'Pet Shop Boys - Flamboyant (Official Video) [HD Upgrade].mp3', 'title': 'Pet Shop Boys - Flamboyant (Official Video) [HD Upgrade]', 'size': 5707052, 'modified': 1772651572.4769866}]}
2026-03-04 19:21:24 [INFO] === Native host starting (pid=96239) ===
2026-03-04 19:21:24 [INFO] Config: output_dir=~/Music/YouTubeMusic, server_port=18932
2026-03-04 19:21:24 [INFO] HTTP server started on 127.0.0.1:18932 serving /Users/pauloamaral/Music/YouTubeMusic
2026-03-04 19:21:24 [DEBUG] Sent: {'type': 'server_started', 'port': 18932, 'baseUrl': 'http://127.0.0.1:18932'}
2026-03-04 19:21:32 [DEBUG] Received: {'action': 'ping'}
2026-03-04 19:21:32 [DEBUG] Sent: {'type': 'pong'}
2026-03-04 19:21:32 [DEBUG] Received: {'action': 'list_files', 'outputDir': '~/Music/YouTubeMusic'}
2026-03-04 19:21:32 [DEBUG] Sent: {'type': 'file_list', 'files': [{'name': 'DUB TECHNO #53 ｜｜ TRANSCENDENT SETS.mp3', 'title': 'DUB TECHNO #53 ｜｜ TRANSCENDENT SETS', 'size': 173265452, 'modified': 1772651815.2701864}, {'name': 'DEEP HOUSE #2 ｜｜ TRANSCENDENT SETS.mp3', 'title': 'DEEP HOUSE #2 ｜｜ TRANSCENDENT SETS', 'size': 121579244, 'modified': 1772651683.157675}, {'name': 'Pet Shop Boys - Flamboyant (Official Video) [HD Upgrade].mp3', 'title': 'Pet Shop Boys - Flamboyant (Official Video) [HD Upgrade]', 'size': 5707052, 'modified': 1772651572.4769866}]}
2026-03-04 19:21:45 [DEBUG] Received: {'action': 'ping'}
2026-03-04 19:21:45 [DEBUG] Sent: {'type': 'pong'}
2026-03-04 19:21:45 [DEBUG] Received: {'action': 'list_files', 'outputDir': '~/Music/YouTubeMusic'}
2026-03-04 19:21:45 [DEBUG] Sent: {'type': 'file_list', 'files': [{'name': 'DUB TECHNO #53 ｜｜ TRANSCENDENT SETS.mp3', 'title': 'DUB TECHNO #53 ｜｜ TRANSCENDENT SETS', 'size': 173265452, 'modified': 1772651815.2701864}, {'name': 'DEEP HOUSE #2 ｜｜ TRANSCENDENT SETS.mp3', 'title': 'DEEP HOUSE #2 ｜｜ TRANSCENDENT SETS', 'size': 121579244, 'modified': 1772651683.157675}, {'name': 'Pet Shop Boys - Flamboyant (Official Video) [HD Upgrade].mp3', 'title': 'Pet Shop Boys - Flamboyant (Official Video) [HD Upgrade]', 'size': 5707052, 'modified': 1772651572.4769866}]}
2026-03-04 19:21:47 [DEBUG] Received: {'action': 'download', 'url': 'https://www.youtube.com/watch?v=Cyrb1wifwAo', 'id': 'mmcfao36ovwqr', 'outputDir': '~/Music/YouTubeMusic'}
2026-03-04 19:21:47 [INFO] Starting download: https://www.youtube.com/watch?v=Cyrb1wifwAo -> /Users/pauloamaral/Music/YouTubeMusic
2026-03-04 19:21:48 [DEBUG] Sent: {'type': 'progress', 'id': 'mmcfao36ovwqr', 'percent': 0.0, 'status': 'downloading'}
2026-03-04 19:21:48 [DEBUG] Sent: {'type': 'progress', 'id': 'mmcfao36ovwqr', 'percent': 0.0, 'status': 'downloading'}
2026-03-04 19:21:48 [DEBUG] Sent: {'type': 'progress', 'id': 'mmcfao36ovwqr', 'percent': 0.0, 'status': 'downloading'}
2026-03-04 19:21:48 [DEBUG] Sent: {'type': 'progress', 'id': 'mmcfao36ovwqr', 'percent': 0.0, 'status': 'downloading'}
2026-03-04 19:21:48 [DEBUG] Sent: {'type': 'progress', 'id': 'mmcfao36ovwqr', 'percent': 0.0, 'status': 'downloading'}
2026-03-04 19:21:48 [DEBUG] Sent: {'type': 'progress', 'id': 'mmcfao36ovwqr', 'percent': 0.1, 'status': 'downloading'}
2026-03-04 19:21:48 [DEBUG] Sent: {'type': 'progress', 'id': 'mmcfao36ovwqr', 'percent': 0.1, 'status': 'downloading'}
2026-03-04 19:21:48 [DEBUG] Sent: {'type': 'progress', 'id': 'mmcfao36ovwqr', 'percent': 0.3, 'status': 'downloading'}
2026-03-04 19:21:49 [DEBUG] Sent: {'type': 'progress', 'id': 'mmcfao36ovwqr', 'percent': 0.5, 'status': 'downloading'}
2026-03-04 19:21:49 [DEBUG] Sent: {'type': 'progress', 'id': 'mmcfao36ovwqr', 'percent': 1.1, 'status': 'downloading'}
2026-03-04 19:21:49 [DEBUG] Sent: {'type': 'progress', 'id': 'mmcfao36ovwqr', 'percent': 2.1, 'status': 'downloading'}
2026-03-04 19:21:49 [DEBUG] Sent: {'type': 'progress', 'id': 'mmcfao36ovwqr', 'percent': 4.2, 'status': 'downloading'}
2026-03-04 19:21:49 [DEBUG] Sent: {'type': 'progress', 'id': 'mmcfao36ovwqr', 'percent': 8.5, 'status': 'downloading'}
2026-03-04 19:21:49 [DEBUG] Sent: {'type': 'progress', 'id': 'mmcfao36ovwqr', 'percent': 10.4, 'status': 'downloading'}
2026-03-04 19:21:49 [DEBUG] Sent: {'type': 'progress', 'id': 'mmcfao36ovwqr', 'percent': 10.4, 'status': 'downloading'}
2026-03-04 19:21:49 [DEBUG] Sent: {'type': 'progress', 'id': 'mmcfao36ovwqr', 'percent': 10.4, 'status': 'downloading'}
2026-03-04 19:21:49 [DEBUG] Sent: {'type': 'progress', 'id': 'mmcfao36ovwqr', 'percent': 10.4, 'status': 'downloading'}
2026-03-04 19:21:49 [DEBUG] Sent: {'type': 'progress', 'id': 'mmcfao36ovwqr', 'percent': 10.4, 'status': 'downloading'}
2026-03-04 19:21:49 [DEBUG] Sent: {'type': 'progress', 'id': 'mmcfao36ovwqr', 'percent': 10.5, 'status': 'downloading'}
2026-03-04 19:21:49 [DEBUG] Sent: {'type': 'progress', 'id': 'mmcfao36ovwqr', 'percent': 10.5, 'status': 'downloading'}
2026-03-04 19:21:49 [DEBUG] Sent: {'type': 'progress', 'id': 'mmcfao36ovwqr', 'percent': 10.6, 'status': 'downloading'}
2026-03-04 19:21:49 [DEBUG] Sent: {'type': 'progress', 'id': 'mmcfao36ovwqr', 'percent': 10.7, 'status': 'downloading'}
2026-03-04 19:21:49 [DEBUG] Sent: {'type': 'progress', 'id': 'mmcfao36ovwqr', 'percent': 10.9, 'status': 'downloading'}
2026-03-04 19:21:49 [DEBUG] Sent: {'type': 'progress', 'id': 'mmcfao36ovwqr', 'percent': 11.5, 'status': 'downloading'}
2026-03-04 19:21:49 [DEBUG] Sent: {'type': 'progress', 'id': 'mmcfao36ovwqr', 'percent': 12.5, 'status': 'downloading'}
2026-03-04 19:21:49 [DEBUG] Sent: {'type': 'progress', 'id': 'mmcfao36ovwqr', 'percent': 14.7, 'status': 'downloading'}
2026-03-04 19:21:49 [DEBUG] Sent: {'type': 'progress', 'id': 'mmcfao36ovwqr', 'percent': 18.9, 'status': 'downloading'}
2026-03-04 19:21:50 [DEBUG] Sent: {'type': 'progress', 'id': 'mmcfao36ovwqr', 'percent': 20.8, 'status': 'downloading'}
2026-03-04 19:21:50 [DEBUG] Sent: {'type': 'progress', 'id': 'mmcfao36ovwqr', 'percent': 20.8, 'status': 'downloading'}
2026-03-04 19:21:50 [DEBUG] Sent: {'type': 'progress', 'id': 'mmcfao36ovwqr', 'percent': 20.8, 'status': 'downloading'}
2026-03-04 19:21:50 [DEBUG] Sent: {'type': 'progress', 'id': 'mmcfao36ovwqr', 'percent': 20.8, 'status': 'downloading'}
2026-03-04 19:21:50 [DEBUG] Sent: {'type': 'progress', 'id': 'mmcfao36ovwqr', 'percent': 20.8, 'status': 'downloading'}
2026-03-04 19:21:50 [DEBUG] Sent: {'type': 'progress', 'id': 'mmcfao36ovwqr', 'percent': 20.8, 'status': 'downloading'}
2026-03-04 19:21:50 [DEBUG] Sent: {'type': 'progress', 'id': 'mmcfao36ovwqr', 'percent': 20.9, 'status': 'downloading'}
2026-03-04 19:21:50 [DEBUG] Sent: {'type': 'progress', 'id': 'mmcfao36ovwqr', 'percent': 20.9, 'status': 'downloading'}
2026-03-04 19:21:50 [DEBUG] Sent: {'type': 'progress', 'id': 'mmcfao36ovwqr', 'percent': 21.1, 'status': 'downloading'}
2026-03-04 19:21:50 [DEBUG] Sent: {'type': 'progress', 'id': 'mmcfao36ovwqr', 'percent': 21.3, 'status': 'downloading'}
2026-03-04 19:21:50 [DEBUG] Sent: {'type': 'progress', 'id': 'mmcfao36ovwqr', 'percent': 21.9, 'status': 'downloading'}
2026-03-04 19:21:50 [DEBUG] Sent: {'type': 'progress', 'id': 'mmcfao36ovwqr', 'percent': 22.9, 'status': 'downloading'}
2026-03-04 19:21:50 [DEBUG] Sent: {'type': 'progress', 'id': 'mmcfao36ovwqr', 'percent': 25.1, 'status': 'downloading'}
2026-03-04 19:21:50 [DEBUG] Sent: {'type': 'progress', 'id': 'mmcfao36ovwqr', 'percent': 29.3, 'status': 'downloading'}
2026-03-04 19:21:50 [DEBUG] Sent: {'type': 'progress', 'id': 'mmcfao36ovwqr', 'percent': 30.9, 'status': 'downloading'}
2026-03-04 19:21:50 [DEBUG] Sent: {'type': 'progress', 'id': 'mmcfao36ovwqr', 'percent': 30.9, 'status': 'downloading'}
2026-03-04 19:21:50 [DEBUG] Sent: {'type': 'progress', 'id': 'mmcfao36ovwqr', 'percent': 30.9, 'status': 'downloading'}
2026-03-04 19:21:50 [DEBUG] Sent: {'type': 'progress', 'id': 'mmcfao36ovwqr', 'percent': 30.9, 'status': 'downloading'}
2026-03-04 19:21:51 [DEBUG] Sent: {'type': 'progress', 'id': 'mmcfao36ovwqr', 'percent': 30.9, 'status': 'downloading'}
2026-03-04 19:21:51 [DEBUG] Sent: {'type': 'progress', 'id': 'mmcfao36ovwqr', 'percent': 30.9, 'status': 'downloading'}
2026-03-04 19:21:51 [DEBUG] Sent: {'type': 'progress', 'id': 'mmcfao36ovwqr', 'percent': 31.0, 'status': 'downloading'}
2026-03-04 19:21:51 [DEBUG] Sent: {'type': 'progress', 'id': 'mmcfao36ovwqr', 'percent': 31.0, 'status': 'downloading'}
2026-03-04 19:21:51 [DEBUG] Sent: {'type': 'progress', 'id': 'mmcfao36ovwqr', 'percent': 31.2, 'status': 'downloading'}
2026-03-04 19:21:51 [DEBUG] Sent: {'type': 'progress', 'id': 'mmcfao36ovwqr', 'percent': 31.4, 'status': 'downloading'}
2026-03-04 19:21:51 [DEBUG] Sent: {'type': 'progress', 'id': 'mmcfao36ovwqr', 'percent': 32.0, 'status': 'downloading'}
2026-03-04 19:21:51 [DEBUG] Sent: {'type': 'progress', 'id': 'mmcfao36ovwqr', 'percent': 33.0, 'status': 'downloading'}
2026-03-04 19:21:52 [DEBUG] Sent: {'type': 'progress', 'id': 'mmcfao36ovwqr', 'percent': 35.0, 'status': 'downloading'}
2026-03-04 19:21:52 [DEBUG] Sent: {'type': 'progress', 'id': 'mmcfao36ovwqr', 'percent': 38.9, 'status': 'downloading'}
2026-03-04 19:21:52 [DEBUG] Sent: {'type': 'progress', 'id': 'mmcfao36ovwqr', 'percent': 41.1, 'status': 'downloading'}
2026-03-04 19:21:52 [DEBUG] Sent: {'type': 'progress', 'id': 'mmcfao36ovwqr', 'percent': 41.1, 'status': 'downloading'}
2026-03-04 19:21:52 [DEBUG] Sent: {'type': 'progress', 'id': 'mmcfao36ovwqr', 'percent': 41.2, 'status': 'downloading'}
2026-03-04 19:21:52 [DEBUG] Sent: {'type': 'progress', 'id': 'mmcfao36ovwqr', 'percent': 41.2, 'status': 'downloading'}
2026-03-04 19:21:52 [DEBUG] Sent: {'type': 'progress', 'id': 'mmcfao36ovwqr', 'percent': 41.2, 'status': 'downloading'}
2026-03-04 19:21:52 [DEBUG] Sent: {'type': 'progress', 'id': 'mmcfao36ovwqr', 'percent': 41.2, 'status': 'downloading'}
2026-03-04 19:21:52 [DEBUG] Sent: {'type': 'progress', 'id': 'mmcfao36ovwqr', 'percent': 41.2, 'status': 'downloading'}
2026-03-04 19:21:52 [DEBUG] Sent: {'type': 'progress', 'id': 'mmcfao36ovwqr', 'percent': 41.3, 'status': 'downloading'}
2026-03-04 19:21:52 [DEBUG] Sent: {'type': 'progress', 'id': 'mmcfao36ovwqr', 'percent': 41.4, 'status': 'downloading'}
2026-03-04 19:21:52 [DEBUG] Sent: {'type': 'progress', 'id': 'mmcfao36ovwqr', 'percent': 41.7, 'status': 'downloading'}
2026-03-04 19:21:52 [DEBUG] Sent: {'type': 'progress', 'id': 'mmcfao36ovwqr', 'percent': 42.2, 'status': 'downloading'}
2026-03-04 19:21:52 [DEBUG] Sent: {'type': 'progress', 'id': 'mmcfao36ovwqr', 'percent': 43.3, 'status': 'downloading'}
2026-03-04 19:21:53 [DEBUG] Sent: {'type': 'progress', 'id': 'mmcfao36ovwqr', 'percent': 45.4, 'status': 'downloading'}
2026-03-04 19:21:53 [DEBUG] Sent: {'type': 'progress', 'id': 'mmcfao36ovwqr', 'percent': 49.6, 'status': 'downloading'}
2026-03-04 19:21:53 [DEBUG] Sent: {'type': 'progress', 'id': 'mmcfao36ovwqr', 'percent': 51.6, 'status': 'downloading'}
2026-03-04 19:21:53 [DEBUG] Sent: {'type': 'progress', 'id': 'mmcfao36ovwqr', 'percent': 51.6, 'status': 'downloading'}
2026-03-04 19:21:53 [DEBUG] Sent: {'type': 'progress', 'id': 'mmcfao36ovwqr', 'percent': 51.6, 'status': 'downloading'}
2026-03-04 19:21:53 [DEBUG] Sent: {'type': 'progress', 'id': 'mmcfao36ovwqr', 'percent': 51.6, 'status': 'downloading'}
2026-03-04 19:21:53 [DEBUG] Sent: {'type': 'progress', 'id': 'mmcfao36ovwqr', 'percent': 51.6, 'status': 'downloading'}
2026-03-04 19:21:53 [DEBUG] Sent: {'type': 'progress', 'id': 'mmcfao36ovwqr', 'percent': 51.6, 'status': 'downloading'}
2026-03-04 19:21:53 [DEBUG] Sent: {'type': 'progress', 'id': 'mmcfao36ovwqr', 'percent': 51.6, 'status': 'downloading'}
2026-03-04 19:21:53 [DEBUG] Sent: {'type': 'progress', 'id': 'mmcfao36ovwqr', 'percent': 51.7, 'status': 'downloading'}
2026-03-04 19:21:53 [DEBUG] Sent: {'type': 'progress', 'id': 'mmcfao36ovwqr', 'percent': 51.8, 'status': 'downloading'}
2026-03-04 19:21:53 [DEBUG] Sent: {'type': 'progress', 'id': 'mmcfao36ovwqr', 'percent': 52.1, 'status': 'downloading'}
2026-03-04 19:21:53 [DEBUG] Sent: {'type': 'progress', 'id': 'mmcfao36ovwqr', 'percent': 52.6, 'status': 'downloading'}
2026-03-04 19:21:53 [DEBUG] Sent: {'type': 'progress', 'id': 'mmcfao36ovwqr', 'percent': 53.7, 'status': 'downloading'}
2026-03-04 19:21:53 [DEBUG] Sent: {'type': 'progress', 'id': 'mmcfao36ovwqr', 'percent': 55.8, 'status': 'downloading'}
2026-03-04 19:21:54 [DEBUG] Sent: {'type': 'progress', 'id': 'mmcfao36ovwqr', 'percent': 60.0, 'status': 'downloading'}
2026-03-04 19:21:54 [DEBUG] Sent: {'type': 'progress', 'id': 'mmcfao36ovwqr', 'percent': 62.1, 'status': 'downloading'}
2026-03-04 19:21:54 [DEBUG] Sent: {'type': 'progress', 'id': 'mmcfao36ovwqr', 'percent': 62.1, 'status': 'downloading'}
2026-03-04 19:21:54 [DEBUG] Sent: {'type': 'progress', 'id': 'mmcfao36ovwqr', 'percent': 62.1, 'status': 'downloading'}
2026-03-04 19:21:54 [DEBUG] Sent: {'type': 'progress', 'id': 'mmcfao36ovwqr', 'percent': 62.2, 'status': 'downloading'}
2026-03-04 19:21:54 [DEBUG] Sent: {'type': 'progress', 'id': 'mmcfao36ovwqr', 'percent': 62.2, 'status': 'downloading'}
2026-03-04 19:21:54 [DEBUG] Sent: {'type': 'progress', 'id': 'mmcfao36ovwqr', 'percent': 62.2, 'status': 'downloading'}
2026-03-04 19:21:54 [DEBUG] Sent: {'type': 'progress', 'id': 'mmcfao36ovwqr', 'percent': 62.2, 'status': 'downloading'}
2026-03-04 19:21:54 [DEBUG] Sent: {'type': 'progress', 'id': 'mmcfao36ovwqr', 'percent': 62.3, 'status': 'downloading'}
2026-03-04 19:21:54 [DEBUG] Sent: {'type': 'progress', 'id': 'mmcfao36ovwqr', 'percent': 62.4, 'status': 'downloading'}
2026-03-04 19:21:54 [DEBUG] Sent: {'type': 'progress', 'id': 'mmcfao36ovwqr', 'percent': 62.7, 'status': 'downloading'}
2026-03-04 19:21:54 [DEBUG] Sent: {'type': 'progress', 'id': 'mmcfao36ovwqr', 'percent': 63.2, 'status': 'downloading'}
2026-03-04 19:21:54 [DEBUG] Sent: {'type': 'progress', 'id': 'mmcfao36ovwqr', 'percent': 64.3, 'status': 'downloading'}
2026-03-04 19:21:54 [DEBUG] Sent: {'type': 'progress', 'id': 'mmcfao36ovwqr', 'percent': 66.4, 'status': 'downloading'}
2026-03-04 19:21:55 [DEBUG] Sent: {'type': 'progress', 'id': 'mmcfao36ovwqr', 'percent': 70.6, 'status': 'downloading'}
2026-03-04 19:21:55 [DEBUG] Sent: {'type': 'progress', 'id': 'mmcfao36ovwqr', 'percent': 72.7, 'status': 'downloading'}
2026-03-04 19:21:55 [DEBUG] Sent: {'type': 'progress', 'id': 'mmcfao36ovwqr', 'percent': 72.7, 'status': 'downloading'}
2026-03-04 19:21:55 [DEBUG] Sent: {'type': 'progress', 'id': 'mmcfao36ovwqr', 'percent': 72.7, 'status': 'downloading'}
2026-03-04 19:21:55 [DEBUG] Sent: {'type': 'progress', 'id': 'mmcfao36ovwqr', 'percent': 72.7, 'status': 'downloading'}
2026-03-04 19:21:55 [DEBUG] Sent: {'type': 'progress', 'id': 'mmcfao36ovwqr', 'percent': 72.7, 'status': 'downloading'}
2026-03-04 19:21:55 [DEBUG] Sent: {'type': 'progress', 'id': 'mmcfao36ovwqr', 'percent': 72.7, 'status': 'downloading'}
2026-03-04 19:21:55 [DEBUG] Sent: {'type': 'progress', 'id': 'mmcfao36ovwqr', 'percent': 72.7, 'status': 'downloading'}
2026-03-04 19:21:55 [DEBUG] Sent: {'type': 'progress', 'id': 'mmcfao36ovwqr', 'percent': 72.8, 'status': 'downloading'}
2026-03-04 19:21:55 [DEBUG] Sent: {'type': 'progress', 'id': 'mmcfao36ovwqr', 'percent': 72.9, 'status': 'downloading'}
2026-03-04 19:21:55 [DEBUG] Sent: {'type': 'progress', 'id': 'mmcfao36ovwqr', 'percent': 73.2, 'status': 'downloading'}
2026-03-04 19:21:55 [DEBUG] Sent: {'type': 'progress', 'id': 'mmcfao36ovwqr', 'percent': 73.7, 'status': 'downloading'}
2026-03-04 19:21:55 [DEBUG] Sent: {'type': 'progress', 'id': 'mmcfao36ovwqr', 'percent': 74.8, 'status': 'downloading'}
2026-03-04 19:21:55 [DEBUG] Sent: {'type': 'progress', 'id': 'mmcfao36ovwqr', 'percent': 76.9, 'status': 'downloading'}
2026-03-04 19:21:55 [DEBUG] Sent: {'type': 'progress', 'id': 'mmcfao36ovwqr', 'percent': 81.1, 'status': 'downloading'}
2026-03-04 19:21:56 [DEBUG] Sent: {'type': 'progress', 'id': 'mmcfao36ovwqr', 'percent': 82.8, 'status': 'downloading'}
2026-03-04 19:21:56 [DEBUG] Sent: {'type': 'progress', 'id': 'mmcfao36ovwqr', 'percent': 82.8, 'status': 'downloading'}
2026-03-04 19:21:56 [DEBUG] Sent: {'type': 'progress', 'id': 'mmcfao36ovwqr', 'percent': 82.8, 'status': 'downloading'}
2026-03-04 19:21:56 [DEBUG] Sent: {'type': 'progress', 'id': 'mmcfao36ovwqr', 'percent': 82.8, 'status': 'downloading'}
2026-03-04 19:21:56 [DEBUG] Sent: {'type': 'progress', 'id': 'mmcfao36ovwqr', 'percent': 82.8, 'status': 'downloading'}
2026-03-04 19:21:56 [DEBUG] Sent: {'type': 'progress', 'id': 'mmcfao36ovwqr', 'percent': 82.8, 'status': 'downloading'}
2026-03-04 19:21:56 [DEBUG] Sent: {'type': 'progress', 'id': 'mmcfao36ovwqr', 'percent': 82.9, 'status': 'downloading'}
2026-03-04 19:21:56 [DEBUG] Sent: {'type': 'progress', 'id': 'mmcfao36ovwqr', 'percent': 82.9, 'status': 'downloading'}
2026-03-04 19:21:56 [DEBUG] Sent: {'type': 'progress', 'id': 'mmcfao36ovwqr', 'percent': 83.1, 'status': 'downloading'}
2026-03-04 19:21:56 [DEBUG] Sent: {'type': 'progress', 'id': 'mmcfao36ovwqr', 'percent': 83.3, 'status': 'downloading'}
2026-03-04 19:21:56 [DEBUG] Sent: {'type': 'progress', 'id': 'mmcfao36ovwqr', 'percent': 83.9, 'status': 'downloading'}
2026-03-04 19:21:56 [DEBUG] Sent: {'type': 'progress', 'id': 'mmcfao36ovwqr', 'percent': 84.9, 'status': 'downloading'}
2026-03-04 19:21:56 [DEBUG] Sent: {'type': 'progress', 'id': 'mmcfao36ovwqr', 'percent': 87.0, 'status': 'downloading'}
2026-03-04 19:21:56 [DEBUG] Sent: {'type': 'progress', 'id': 'mmcfao36ovwqr', 'percent': 91.3, 'status': 'downloading'}
2026-03-04 19:21:56 [DEBUG] Sent: {'type': 'progress', 'id': 'mmcfao36ovwqr', 'percent': 93.0, 'status': 'downloading'}
2026-03-04 19:21:56 [DEBUG] Sent: {'type': 'progress', 'id': 'mmcfao36ovwqr', 'percent': 93.0, 'status': 'downloading'}
2026-03-04 19:21:56 [DEBUG] Sent: {'type': 'progress', 'id': 'mmcfao36ovwqr', 'percent': 93.0, 'status': 'downloading'}
2026-03-04 19:21:56 [DEBUG] Sent: {'type': 'progress', 'id': 'mmcfao36ovwqr', 'percent': 93.0, 'status': 'downloading'}
2026-03-04 19:21:56 [DEBUG] Sent: {'type': 'progress', 'id': 'mmcfao36ovwqr', 'percent': 93.0, 'status': 'downloading'}
2026-03-04 19:21:56 [DEBUG] Sent: {'type': 'progress', 'id': 'mmcfao36ovwqr', 'percent': 93.0, 'status': 'downloading'}
2026-03-04 19:21:56 [DEBUG] Sent: {'type': 'progress', 'id': 'mmcfao36ovwqr', 'percent': 93.0, 'status': 'downloading'}
2026-03-04 19:21:56 [DEBUG] Sent: {'type': 'progress', 'id': 'mmcfao36ovwqr', 'percent': 93.1, 'status': 'downloading'}
2026-03-04 19:21:56 [DEBUG] Sent: {'type': 'progress', 'id': 'mmcfao36ovwqr', 'percent': 93.2, 'status': 'downloading'}
2026-03-04 19:21:56 [DEBUG] Sent: {'type': 'progress', 'id': 'mmcfao36ovwqr', 'percent': 93.5, 'status': 'downloading'}
2026-03-04 19:21:56 [DEBUG] Sent: {'type': 'progress', 'id': 'mmcfao36ovwqr', 'percent': 94.0, 'status': 'downloading'}
2026-03-04 19:21:56 [DEBUG] Sent: {'type': 'progress', 'id': 'mmcfao36ovwqr', 'percent': 95.1, 'status': 'downloading'}
2026-03-04 19:21:56 [DEBUG] Sent: {'type': 'progress', 'id': 'mmcfao36ovwqr', 'percent': 97.2, 'status': 'downloading'}
2026-03-04 19:21:57 [DEBUG] Sent: {'type': 'progress', 'id': 'mmcfao36ovwqr', 'percent': 100.0, 'status': 'downloading'}
2026-03-04 19:21:57 [DEBUG] Sent: {'type': 'progress', 'id': 'mmcfao36ovwqr', 'percent': 100, 'status': 'converting'}
2026-03-04 19:22:18 [DEBUG] Received: {'action': 'ping'}
2026-03-04 19:22:18 [DEBUG] Sent: {'type': 'pong'}
2026-03-04 19:22:18 [DEBUG] Received: {'action': 'list_files', 'outputDir': '~/Music/YouTubeMusic'}
2026-03-04 19:22:18 [DEBUG] Sent: {'type': 'file_list', 'files': [{'name': 'DUB TECHNO ｜｜ SPECIAL 2025.mp3', 'title': 'DUB TECHNO ｜｜ SPECIAL 2025', 'size': 71827456, 'modified': 1772652138.0795617}, {'name': 'DUB TECHNO #53 ｜｜ TRANSCENDENT SETS.mp3', 'title': 'DUB TECHNO #53 ｜｜ TRANSCENDENT SETS', 'size': 173265452, 'modified': 1772651815.2701864}, {'name': 'DEEP HOUSE #2 ｜｜ TRANSCENDENT SETS.mp3', 'title': 'DEEP HOUSE #2 ｜｜ TRANSCENDENT SETS', 'size': 121579244, 'modified': 1772651683.157675}, {'name': 'Pet Shop Boys - Flamboyant (Official Video) [HD Upgrade].mp3', 'title': 'Pet Shop Boys - Flamboyant (Official Video) [HD Upgrade]', 'size': 5707052, 'modified': 1772651572.4769866}]}
2026-03-04 19:22:40 [DEBUG] Sent: {'type': 'download_complete', 'id': 'mmcfao36ovwqr', 'filename': 'DUB TECHNO ｜｜ SPECIAL 2025.mp3', 'title': 'DUB TECHNO || SPECIAL 2025', 'duration': 6130, 'size': 147115052}
2026-03-04 19:22:40 [INFO] Download complete: DUB TECHNO || SPECIAL 2025 -> /Users/pauloamaral/Music/YouTubeMusic/DUB TECHNO ｜｜ SPECIAL 2025.mp3
2026-03-04 19:22:40 [DEBUG] Received: {'action': 'list_files', 'outputDir': '~/Music/YouTubeMusic'}
2026-03-04 19:22:40 [DEBUG] Sent: {'type': 'file_list', 'files': [{'name': 'DUB TECHNO ｜｜ SPECIAL 2025.mp3', 'title': 'DUB TECHNO ｜｜ SPECIAL 2025', 'size': 147115052, 'modified': 1772652117.0256717}, {'name': 'DUB TECHNO #53 ｜｜ TRANSCENDENT SETS.mp3', 'title': 'DUB TECHNO #53 ｜｜ TRANSCENDENT SETS', 'size': 173265452, 'modified': 1772651815.2701864}, {'name': 'DEEP HOUSE #2 ｜｜ TRANSCENDENT SETS.mp3', 'title': 'DEEP HOUSE #2 ｜｜ TRANSCENDENT SETS', 'size': 121579244, 'modified': 1772651683.157675}, {'name': 'Pet Shop Boys - Flamboyant (Official Video) [HD Upgrade].mp3', 'title': 'Pet Shop Boys - Flamboyant (Official Video) [HD Upgrade]', 'size': 5707052, 'modified': 1772651572.4769866}]}
2026-03-04 19:22:40 [DEBUG] Received: {'action': 'list_files', 'outputDir': '~/Music/YouTubeMusic'}
2026-03-04 19:22:40 [DEBUG] Sent: {'type': 'file_list', 'files': [{'name': 'DUB TECHNO ｜｜ SPECIAL 2025.mp3', 'title': 'DUB TECHNO ｜｜ SPECIAL 2025', 'size': 147115052, 'modified': 1772652117.0256717}, {'name': 'DUB TECHNO #53 ｜｜ TRANSCENDENT SETS.mp3', 'title': 'DUB TECHNO #53 ｜｜ TRANSCENDENT SETS', 'size': 173265452, 'modified': 1772651815.2701864}, {'name': 'DEEP HOUSE #2 ｜｜ TRANSCENDENT SETS.mp3', 'title': 'DEEP HOUSE #2 ｜｜ TRANSCENDENT SETS', 'size': 121579244, 'modified': 1772651683.157675}, {'name': 'Pet Shop Boys - Flamboyant (Official Video) [HD Upgrade].mp3', 'title': 'Pet Shop Boys - Flamboyant (Official Video) [HD Upgrade]', 'size': 5707052, 'modified': 1772651572.4769866}]}
2026-03-04 19:25:10 [INFO] === Native host starting (pid=26316) ===
2026-03-04 19:25:10 [INFO] Config: output_dir=~/Music/YouTubeMusic, server_port=18932
2026-03-04 19:25:10 [INFO] HTTP server started on 127.0.0.1:18932 serving /Users/pauloamaral/Music/YouTubeMusic
2026-03-04 19:25:10 [DEBUG] Sent: {'type': 'server_started', 'port': 18932, 'baseUrl': 'http://127.0.0.1:18932'}
2026-03-04 19:25:45 [DEBUG] Received: {'action': 'ping'}
2026-03-04 19:25:45 [DEBUG] Sent: {'type': 'pong'}
2026-03-04 19:25:45 [DEBUG] Received: {'action': 'list_files', 'outputDir': '~/Music/YouTubeMusic'}
2026-03-04 19:25:46 [DEBUG] Sent: {'type': 'file_list', 'files': [{'name': 'DUB TECHNO ｜｜ SPECIAL 2025.mp3', 'title': 'DUB TECHNO ｜｜ SPECIAL 2025', 'size': 147115052, 'modified': 1772652117.0256717}, {'name': 'DUB TECHNO #53 ｜｜ TRANSCENDENT SETS.mp3', 'title': 'DUB TECHNO #53 ｜｜ TRANSCENDENT SETS', 'size': 173265452, 'modified': 1772651815.2701864}, {'name': 'DEEP HOUSE #2 ｜｜ TRANSCENDENT SETS.mp3', 'title': 'DEEP HOUSE #2 ｜｜ TRANSCENDENT SETS', 'size': 121579244, 'modified': 1772651683.157675}, {'name': 'Pet Shop Boys - Flamboyant (Official Video) [HD Upgrade].mp3', 'title': 'Pet Shop Boys - Flamboyant (Official Video) [HD Upgrade]', 'size': 5707052, 'modified': 1772651572.4769866}]}
2026-03-04 19:25:48 [DEBUG] Received: {'action': 'download', 'url': 'https://www.youtube.com/watch?v=K-7dTjgn7dc', 'id': 'mmcfftk8tcqm6', 'outputDir': '~/Music/YouTubeMusic'}
2026-03-04 19:25:48 [INFO] Starting download: https://www.youtube.com/watch?v=K-7dTjgn7dc -> /Users/pauloamaral/Music/YouTubeMusic
2026-03-04 19:25:49 [DEBUG] Sent: {'type': 'progress', 'id': 'mmcfftk8tcqm6', 'percent': 0.0, 'status': 'downloading'}
2026-03-04 19:25:49 [DEBUG] Sent: {'type': 'progress', 'id': 'mmcfftk8tcqm6', 'percent': 100.0, 'status': 'downloading'}
2026-03-04 19:25:49 [DEBUG] Sent: {'type': 'progress', 'id': 'mmcfftk8tcqm6', 'percent': 100, 'status': 'converting'}
2026-03-04 19:25:52 [DEBUG] Sent: {'type': 'download_complete', 'id': 'mmcfftk8tcqm6', 'filename': 'Wye Oak - Spiral.mp3', 'title': 'Wye Oak - Spiral', 'duration': 348, 'size': 8362412}
2026-03-04 19:25:52 [INFO] Download complete: Wye Oak - Spiral -> /Users/pauloamaral/Music/YouTubeMusic/Wye Oak - Spiral.mp3
2026-03-04 19:25:52 [DEBUG] Received: {'action': 'list_files', 'outputDir': '~/Music/YouTubeMusic'}
2026-03-04 19:25:52 [DEBUG] Sent: {'type': 'file_list', 'files': [{'name': 'Wye Oak - Spiral.mp3', 'title': 'Wye Oak - Spiral', 'size': 8362412, 'modified': 1772652349.8981037}, {'name': 'DUB TECHNO ｜｜ SPECIAL 2025.mp3', 'title': 'DUB TECHNO ｜｜ SPECIAL 2025', 'size': 147115052, 'modified': 1772652117.0256717}, {'name': 'DUB TECHNO #53 ｜｜ TRANSCENDENT SETS.mp3', 'title': 'DUB TECHNO #53 ｜｜ TRANSCENDENT SETS', 'size': 173265452, 'modified': 1772651815.2701864}, {'name': 'DEEP HOUSE #2 ｜｜ TRANSCENDENT SETS.mp3', 'title': 'DEEP HOUSE #2 ｜｜ TRANSCENDENT SETS', 'size': 121579244, 'modified': 1772651683.157675}, {'name': 'Pet Shop Boys - Flamboyant (Official Video) [HD Upgrade].mp3', 'title': 'Pet Shop Boys - Flamboyant (Official Video) [HD Upgrade]', 'size': 5707052, 'modified': 1772651572.4769866}]}
2026-03-04 19:25:52 [DEBUG] Received: {'action': 'list_files', 'outputDir': '~/Music/YouTubeMusic'}
2026-03-04 19:25:52 [DEBUG] Sent: {'type': 'file_list', 'files': [{'name': 'Wye Oak - Spiral.mp3', 'title': 'Wye Oak - Spiral', 'size': 8362412, 'modified': 1772652349.8981037}, {'name': 'DUB TECHNO ｜｜ SPECIAL 2025.mp3', 'title': 'DUB TECHNO ｜｜ SPECIAL 2025', 'size': 147115052, 'modified': 1772652117.0256717}, {'name': 'DUB TECHNO #53 ｜｜ TRANSCENDENT SETS.mp3', 'title': 'DUB TECHNO #53 ｜｜ TRANSCENDENT SETS', 'size': 173265452, 'modified': 1772651815.2701864}, {'name': 'DEEP HOUSE #2 ｜｜ TRANSCENDENT SETS.mp3', 'title': 'DEEP HOUSE #2 ｜｜ TRANSCENDENT SETS', 'size': 121579244, 'modified': 1772651683.157675}, {'name': 'Pet Shop Boys - Flamboyant (Official Video) [HD Upgrade].mp3', 'title': 'Pet Shop Boys - Flamboyant (Official Video) [HD Upgrade]', 'size': 5707052, 'modified': 1772651572.4769866}]}
2026-03-04 19:26:05 [DEBUG] HTTP: "GET /Wye%20Oak%20-%20Spiral.mp3 HTTP/1.1" 206 -
2026-03-04 19:26:12 [DEBUG] Received: {'action': 'ping'}
2026-03-04 19:26:12 [DEBUG] Sent: {'type': 'pong'}
2026-03-04 19:26:12 [DEBUG] Received: {'action': 'list_files', 'outputDir': '~/Music/YouTubeMusic'}
2026-03-04 19:26:12 [DEBUG] Sent: {'type': 'file_list', 'files': [{'name': 'Wye Oak - Spiral.mp3', 'title': 'Wye Oak - Spiral', 'size': 8362412, 'modified': 1772652349.8981037}, {'name': 'DUB TECHNO ｜｜ SPECIAL 2025.mp3', 'title': 'DUB TECHNO ｜｜ SPECIAL 2025', 'size': 147115052, 'modified': 1772652117.0256717}, {'name': 'DUB TECHNO #53 ｜｜ TRANSCENDENT SETS.mp3', 'title': 'DUB TECHNO #53 ｜｜ TRANSCENDENT SETS', 'size': 173265452, 'modified': 1772651815.2701864}, {'name': 'DEEP HOUSE #2 ｜｜ TRANSCENDENT SETS.mp3', 'title': 'DEEP HOUSE #2 ｜｜ TRANSCENDENT SETS', 'size': 121579244, 'modified': 1772651683.157675}, {'name': 'Pet Shop Boys - Flamboyant (Official Video) [HD Upgrade].mp3', 'title': 'Pet Shop Boys - Flamboyant (Official Video) [HD Upgrade]', 'size': 5707052, 'modified': 1772651572.4769866}]}
